<?xml version="1.0" encoding="UTF-8"?>
<testsuite xmlns:xsi="http://www.w3.org/2001/XMLSchema-instance" xsi:noNamespaceSchemaLocation="https://maven.apache.org/surefire/maven-surefire-plugin/xsd/surefire-test-report.xsd" version="3.0.2" name="br.com.libraryfree.library_free.integration.EmprestimoIntegrationTests" time="5.201" tests="13" errors="0" skipped="0" failures="0">
  <properties>
[...]
</properties>
  <testcase name="shouldReturnEmprestimoSuccessfully" classname="br.com.libraryfree.library_free.integration.EmprestimoIntegrationTests" time="0.385">
    <system-out><![CDATA[2025-08-06T16:09:44.374-03:00  INFO 24532 --- [library-free] [           main] t.c.s.AnnotationConfigContextLoaderUtils : Could not detect default configuration classes for test class [br.com.libraryfree.library_free.integration.EmprestimoIntegrationTests]: EmprestimoIntegrationTests does not declare any static, non-private, non-final, nested classes annotated with @Configuration.
2025-08-06T16:09:44.376-03:00  INFO 24532 --- [library-free] [           main] .b.t.c.SpringBootTestContextBootstrapper : Found @SpringBootConfiguration br.com.libraryfree.library_free.LibraryFreeApplication for test class br.com.libraryfree.library_free.integration.EmprestimoIntegrationTests
2025-08-06T16:09:44.384-03:00 DEBUG 24532 --- [library-free] [           main] o.s.web.client.RestTemplate              : HTTP POST http://localhost:37163/libraryfree/auth/login
2025-08-06T16:09:44.384-03:00 DEBUG 24532 --- [library-free] [           main] o.s.web.client.RestTemplate              : Accept=[application/json, application/*+json]
2025-08-06T16:09:44.384-03:00 DEBUG 24532 --- [library-free] [           main] o.s.web.client.RestTemplate              : Writing [LoginDTO[email=admin@libraryfree.com, senha=senha123]] with org.springframework.http.converter.json.MappingJackson2HttpMessageConverter
2025-08-06T16:09:44.386-03:00 DEBUG 24532 --- [library-free] [o-auto-6-exec-4] o.s.security.web.FilterChainProxy        : Securing POST /libraryfree/auth/login
2025-08-06T16:09:44.386-03:00 DEBUG 24532 --- [library-free] [o-auto-6-exec-4] o.s.s.w.a.AnonymousAuthenticationFilter  : Set SecurityContextHolder to anonymous SecurityContext
2025-08-06T16:09:44.387-03:00 DEBUG 24532 --- [library-free] [o-auto-6-exec-4] o.s.security.web.FilterChainProxy        : Secured POST /libraryfree/auth/login
2025-08-06T16:09:44.387-03:00 DEBUG 24532 --- [library-free] [o-auto-6-exec-4] o.s.web.servlet.DispatcherServlet        : POST "/libraryfree/auth/login", parameters={}
2025-08-06T16:09:44.387-03:00 DEBUG 24532 --- [library-free] [o-auto-6-exec-4] s.w.s.m.m.a.RequestMappingHandlerMapping : Mapped to br.com.libraryfree.library_free.controller.BibliotecarioController#login(LoginDTO, HttpServletRequest)
2025-08-06T16:09:44.388-03:00 DEBUG 24532 --- [library-free] [o-auto-6-exec-4] m.m.a.RequestResponseBodyMethodProcessor : Read "application/json;charset=UTF-8" to [LoginDTO[email=admin@libraryfree.com, senha=senha123]]
Hibernate: select b1_0.id,b1_0.email,b1_0.nome,b1_0.senha from bibliotecario b1_0 where b1_0.email=?
2025-08-06T16:09:44.709-03:00 DEBUG 24532 --- [library-free] [o-auto-6-exec-4] o.s.s.a.dao.DaoAuthenticationProvider    : Authenticated user
2025-08-06T16:09:44.709-03:00 DEBUG 24532 --- [library-free] [o-auto-6-exec-4] o.s.w.s.m.m.a.HttpEntityMethodProcessor  : Using 'application/json', given [application/json, application/*+json] and supported [application/json, application/*+json]
2025-08-06T16:09:44.709-03:00 DEBUG 24532 --- [library-free] [o-auto-6-exec-4] o.s.w.s.m.m.a.HttpEntityMethodProcessor  : Writing [BibliotecarioDTO[id=1, nome=Felipe Ferreira, email=admin@libraryfree.com]]
2025-08-06T16:09:44.710-03:00 DEBUG 24532 --- [library-free] [o-auto-6-exec-4] o.s.web.servlet.DispatcherServlet        : Completed 200 OK
2025-08-06T16:09:44.710-03:00 DEBUG 24532 --- [library-free] [           main] o.s.web.client.RestTemplate              : Response 200 OK
2025-08-06T16:09:44.710-03:00 DEBUG 24532 --- [library-free] [           main] o.s.web.client.RestTemplate              : Reading to [br.com.libraryfree.library_free.DTO.BibliotecarioDTO]
2025-08-06T16:09:44.711-03:00 DEBUG 24532 --- [library-free] [           main] o.s.web.client.RestTemplate              : HTTP POST http://localhost:37163/libraryfree/emprestimos
2025-08-06T16:09:44.713-03:00 DEBUG 24532 --- [library-free] [           main] o.s.web.client.RestTemplate              : Accept=[application/json, application/*+json]
2025-08-06T16:09:44.714-03:00 DEBUG 24532 --- [library-free] [           main] o.s.web.client.RestTemplate              : Writing [EmprestimoRequestDTO[alunoId=1, livroId=3, prazoDevolucao=2030-10-10]] as "application/json"
2025-08-06T16:09:44.715-03:00 DEBUG 24532 --- [library-free] [o-auto-6-exec-5] o.s.security.web.FilterChainProxy        : Securing POST /libraryfree/emprestimos
2025-08-06T16:09:44.716-03:00 DEBUG 24532 --- [library-free] [o-auto-6-exec-5] w.c.HttpSessionSecurityContextRepository : Retrieved SecurityContextImpl [Authentication=UsernamePasswordAuthenticationToken [Principal=br.com.libraryfree.library_free.security.UserDetailsImpl@2914c57, Credentials=[PROTECTED], Authenticated=true, Details=null, Granted Authorities=[]]]
2025-08-06T16:09:44.716-03:00 DEBUG 24532 --- [library-free] [o-auto-6-exec-5] o.s.security.web.FilterChainProxy        : Secured POST /libraryfree/emprestimos
2025-08-06T16:09:44.716-03:00 DEBUG 24532 --- [library-free] [o-auto-6-exec-5] o.s.web.servlet.DispatcherServlet        : POST "/libraryfree/emprestimos", parameters={}
2025-08-06T16:09:44.716-03:00 DEBUG 24532 --- [library-free] [o-auto-6-exec-5] s.w.s.m.m.a.RequestMappingHandlerMapping : Mapped to br.com.libraryfree.library_free.controller.EmprestimoController#createEmprestimo(EmprestimoRequestDTO, UriComponentsBuilder)
2025-08-06T16:09:44.718-03:00 DEBUG 24532 --- [library-free] [o-auto-6-exec-5] m.m.a.RequestResponseBodyMethodProcessor : Read "application/json;charset=UTF-8" to [EmprestimoRequestDTO[alunoId=1, livroId=3, prazoDevolucao=2030-10-10]]
Hibernate: select a1_0.id,a1_0.ativo,a1_0.cpf,a1_0.matricula,a1_0.nome from aluno a1_0 where a1_0.id=?
Hibernate: select l1_0.id,l1_0.autor,l1_0.edicao,l1_0.editora,l1_0.emprestado,l1_0.genero,l1_0.isbn,l1_0.publicacao,l1_0.titulo from livro l1_0 where l1_0.id=?
Hibernate: insert into aluno_livro (aluno_id,ativo,data_devolucao,data_emprestimo,livro_id,prazo_devolucao) values (?,?,?,?,?,?)
Hibernate: update livro set autor=?,edicao=?,editora=?,emprestado=?,genero=?,isbn=?,publicacao=?,titulo=? where id=?
2025-08-06T16:09:44.724-03:00 DEBUG 24532 --- [library-free] [o-auto-6-exec-5] o.s.w.s.m.m.a.HttpEntityMethodProcessor  : Using 'application/json', given [application/json, application/*+json] and supported [application/json, application/*+json]
2025-08-06T16:09:44.725-03:00 DEBUG 24532 --- [library-free] [o-auto-6-exec-5] o.s.w.s.m.m.a.HttpEntityMethodProcessor  : Nothing to write: null body
2025-08-06T16:09:44.725-03:00 DEBUG 24532 --- [library-free] [o-auto-6-exec-5] o.s.web.servlet.DispatcherServlet        : Completed 201 CREATED
2025-08-06T16:09:44.726-03:00 DEBUG 24532 --- [library-free] [           main] o.s.web.client.RestTemplate              : Response 201 CREATED
2025-08-06T16:09:44.727-03:00 DEBUG 24532 --- [library-free] [           main] o.s.web.client.RestTemplate              : HTTP GET http://localhost:37163/libraryfree/emprestimos/3
2025-08-06T16:09:44.727-03:00 DEBUG 24532 --- [library-free] [           main] o.s.web.client.RestTemplate              : Accept=[application/json, application/*+json]
2025-08-06T16:09:44.729-03:00 DEBUG 24532 --- [library-free] [o-auto-6-exec-6] o.s.security.web.FilterChainProxy        : Securing GET /libraryfree/emprestimos/3
2025-08-06T16:09:44.729-03:00 DEBUG 24532 --- [library-free] [o-auto-6-exec-6] w.c.HttpSessionSecurityContextRepository : Retrieved SecurityContextImpl [Authentication=UsernamePasswordAuthenticationToken [Principal=br.com.libraryfree.library_free.security.UserDetailsImpl@2914c57, Credentials=[PROTECTED], Authenticated=true, Details=null, Granted Authorities=[]]]
2025-08-06T16:09:44.729-03:00 DEBUG 24532 --- [library-free] [o-auto-6-exec-6] o.s.security.web.FilterChainProxy        : Secured GET /libraryfree/emprestimos/3
2025-08-06T16:09:44.729-03:00 DEBUG 24532 --- [library-free] [o-auto-6-exec-6] o.s.web.servlet.DispatcherServlet        : GET "/libraryfree/emprestimos/3", parameters={}
2025-08-06T16:09:44.729-03:00 DEBUG 24532 --- [library-free] [o-auto-6-exec-6] s.w.s.m.m.a.RequestMappingHandlerMapping : Mapped to br.com.libraryfree.library_free.controller.EmprestimoController#findById(Long)
Hibernate: select e1_0.id,e1_0.aluno_id,a1_0.id,a1_0.ativo,a1_0.cpf,a1_0.matricula,a1_0.nome,e1_0.ativo,e1_0.data_devolucao,e1_0.data_emprestimo,e1_0.livro_id,l1_0.id,l1_0.autor,l1_0.edicao,l1_0.editora,l1_0.emprestado,l1_0.genero,l1_0.isbn,l1_0.publicacao,l1_0.titulo,e1_0.prazo_devolucao from aluno_livro e1_0 join aluno a1_0 on a1_0.id=e1_0.aluno_id join livro l1_0 on l1_0.id=e1_0.livro_id where e1_0.id=?
2025-08-06T16:09:44.735-03:00 DEBUG 24532 --- [library-free] [o-auto-6-exec-6] o.s.w.s.m.m.a.HttpEntityMethodProcessor  : Using 'application/json', given [application/json, application/*+json] and supported [application/json, application/*+json]
2025-08-06T16:09:44.736-03:00 DEBUG 24532 --- [library-free] [o-auto-6-exec-6] o.s.w.s.m.m.a.HttpEntityMethodProcessor  : Writing [EmprestimoResponseDTO(id=3, alunoId=1, alunoNome=João da Silva, livroId=3, livroTitulo=1984, dataEmp (truncated)...]
2025-08-06T16:09:44.737-03:00 DEBUG 24532 --- [library-free] [o-auto-6-exec-6] o.s.web.servlet.DispatcherServlet        : Completed 200 OK
2025-08-06T16:09:44.737-03:00 DEBUG 24532 --- [library-free] [           main] o.s.web.client.RestTemplate              : Response 200 OK
2025-08-06T16:09:44.737-03:00 DEBUG 24532 --- [library-free] [           main] o.s.web.client.RestTemplate              : Reading to [br.com.libraryfree.library_free.DTO.EmprestimoResponseDTO]
2025-08-06T16:09:44.739-03:00 DEBUG 24532 --- [library-free] [           main] o.s.web.client.RestTemplate              : HTTP PUT http://localhost:37163/libraryfree/emprestimos/3
2025-08-06T16:09:44.739-03:00 DEBUG 24532 --- [library-free] [           main] o.s.web.client.RestTemplate              : Accept=[application/json, application/*+json]
2025-08-06T16:09:44.740-03:00 DEBUG 24532 --- [library-free] [o-auto-6-exec-7] o.s.security.web.FilterChainProxy        : Securing PUT /libraryfree/emprestimos/3
2025-08-06T16:09:44.741-03:00 DEBUG 24532 --- [library-free] [o-auto-6-exec-7] w.c.HttpSessionSecurityContextRepository : Retrieved SecurityContextImpl [Authentication=UsernamePasswordAuthenticationToken [Principal=br.com.libraryfree.library_free.security.UserDetailsImpl@2914c57, Credentials=[PROTECTED], Authenticated=true, Details=null, Granted Authorities=[]]]
2025-08-06T16:09:44.741-03:00 DEBUG 24532 --- [library-free] [o-auto-6-exec-7] o.s.security.web.FilterChainProxy        : Secured PUT /libraryfree/emprestimos/3
2025-08-06T16:09:44.741-03:00 DEBUG 24532 --- [library-free] [o-auto-6-exec-7] o.s.web.servlet.DispatcherServlet        : PUT "/libraryfree/emprestimos/3", parameters={}
2025-08-06T16:09:44.741-03:00 DEBUG 24532 --- [library-free] [o-auto-6-exec-7] s.w.s.m.m.a.RequestMappingHandlerMapping : Mapped to br.com.libraryfree.library_free.controller.EmprestimoController#editEmprestimo(Long)
Hibernate: select e1_0.id,e1_0.aluno_id,e1_0.ativo,e1_0.data_devolucao,e1_0.data_emprestimo,e1_0.livro_id,e1_0.prazo_devolucao from aluno_livro e1_0 left join livro l1_0 on l1_0.id=e1_0.livro_id where l1_0.id=? and e1_0.ativo
Hibernate: select a1_0.id,a1_0.ativo,a1_0.cpf,a1_0.matricula,a1_0.nome from aluno a1_0 where a1_0.id=?
Hibernate: select l1_0.id,l1_0.autor,l1_0.edicao,l1_0.editora,l1_0.emprestado,l1_0.genero,l1_0.isbn,l1_0.publicacao,l1_0.titulo from livro l1_0 where l1_0.id=?
Hibernate: update livro set autor=?,edicao=?,editora=?,emprestado=?,genero=?,isbn=?,publicacao=?,titulo=? where id=?
Hibernate: update aluno_livro set aluno_id=?,ativo=?,data_devolucao=?,data_emprestimo=?,livro_id=?,prazo_devolucao=? where id=?
2025-08-06T16:09:44.750-03:00 DEBUG 24532 --- [library-free] [o-auto-6-exec-7] o.s.w.s.m.m.a.HttpEntityMethodProcessor  : Using 'application/json', given [application/json, application/*+json] and supported [application/json, application/*+json]
2025-08-06T16:09:44.750-03:00 DEBUG 24532 --- [library-free] [o-auto-6-exec-7] o.s.w.s.m.m.a.HttpEntityMethodProcessor  : Nothing to write: null body
2025-08-06T16:09:44.750-03:00 DEBUG 24532 --- [library-free] [o-auto-6-exec-7] o.s.web.servlet.DispatcherServlet        : Completed 204 NO_CONTENT
2025-08-06T16:09:44.751-03:00 DEBUG 24532 --- [library-free] [           main] o.s.web.client.RestTemplate              : Response 204 NO_CONTENT
2025-08-06T16:09:44.751-03:00 DEBUG 24532 --- [library-free] [           main] o.s.web.client.RestTemplate              : HTTP GET http://localhost:37163/libraryfree/emprestimos/3
2025-08-06T16:09:44.751-03:00 DEBUG 24532 --- [library-free] [           main] o.s.web.client.RestTemplate              : Accept=[application/json, application/*+json]
2025-08-06T16:09:44.752-03:00 DEBUG 24532 --- [library-free] [o-auto-6-exec-8] o.s.security.web.FilterChainProxy        : Securing GET /libraryfree/emprestimos/3
2025-08-06T16:09:44.753-03:00 DEBUG 24532 --- [library-free] [o-auto-6-exec-8] w.c.HttpSessionSecurityContextRepository : Retrieved SecurityContextImpl [Authentication=UsernamePasswordAuthenticationToken [Principal=br.com.libraryfree.library_free.security.UserDetailsImpl@2914c57, Credentials=[PROTECTED], Authenticated=true, Details=null, Granted Authorities=[]]]
2025-08-06T16:09:44.753-03:00 DEBUG 24532 --- [library-free] [o-auto-6-exec-8] o.s.security.web.FilterChainProxy        : Secured GET /libraryfree/emprestimos/3
2025-08-06T16:09:44.753-03:00 DEBUG 24532 --- [library-free] [o-auto-6-exec-8] o.s.web.servlet.DispatcherServlet        : GET "/libraryfree/emprestimos/3", parameters={}
2025-08-06T16:09:44.753-03:00 DEBUG 24532 --- [library-free] [o-auto-6-exec-8] s.w.s.m.m.a.RequestMappingHandlerMapping : Mapped to br.com.libraryfree.library_free.controller.EmprestimoController#findById(Long)
Hibernate: select e1_0.id,e1_0.aluno_id,a1_0.id,a1_0.ativo,a1_0.cpf,a1_0.matricula,a1_0.nome,e1_0.ativo,e1_0.data_devolucao,e1_0.data_emprestimo,e1_0.livro_id,l1_0.id,l1_0.autor,l1_0.edicao,l1_0.editora,l1_0.emprestado,l1_0.genero,l1_0.isbn,l1_0.publicacao,l1_0.titulo,e1_0.prazo_devolucao from aluno_livro e1_0 join aluno a1_0 on a1_0.id=e1_0.aluno_id join livro l1_0 on l1_0.id=e1_0.livro_id where e1_0.id=?
2025-08-06T16:09:44.755-03:00 DEBUG 24532 --- [library-free] [o-auto-6-exec-8] o.s.w.s.m.m.a.HttpEntityMethodProcessor  : Using 'application/json', given [application/json, application/*+json] and supported [application/json, application/*+json]
2025-08-06T16:09:44.755-03:00 DEBUG 24532 --- [library-free] [o-auto-6-exec-8] o.s.w.s.m.m.a.HttpEntityMethodProcessor  : Writing [EmprestimoResponseDTO(id=3, alunoId=1, alunoNome=João da Silva, livroId=3, livroTitulo=1984, dataEmp (truncated)...]
2025-08-06T16:09:44.756-03:00 DEBUG 24532 --- [library-free] [o-auto-6-exec-8] o.s.web.servlet.DispatcherServlet        : Completed 200 OK
2025-08-06T16:09:44.756-03:00 DEBUG 24532 --- [library-free] [           main] o.s.web.client.RestTemplate              : Response 200 OK
2025-08-06T16:09:44.756-03:00 DEBUG 24532 --- [library-free] [           main] o.s.web.client.RestTemplate              : Reading to [br.com.libraryfree.library_free.DTO.EmprestimoResponseDTO]
2025-08-06T16:09:44.758-03:00  INFO 24532 --- [library-free] [           main] o.s.b.w.e.tomcat.GracefulShutdown        : Commencing graceful shutdown. Waiting for active requests to complete
2025-08-06T16:09:44.759-03:00  INFO 24532 --- [library-free] [tomcat-shutdown] o.s.b.w.e.tomcat.GracefulShutdown        : Graceful shutdown complete
2025-08-06T16:09:44.760-03:00  INFO 24532 --- [library-free] [           main] j.LocalContainerEntityManagerFactoryBean : Closing JPA EntityManagerFactory for persistence unit 'default'
2025-08-06T16:09:44.761-03:00  INFO 24532 --- [library-free] [           main] com.zaxxer.hikari.HikariDataSource       : HikariPool-6 - Shutdown initiated...
2025-08-06T16:09:44.761-03:00  INFO 24532 --- [library-free] [           main] com.zaxxer.hikari.HikariDataSource       : HikariPool-6 - Shutdown completed.
]]></system-out>
  </testcase>
  <testcase name="shouldReturnBadRequestWhenLivroIsAlreadyEmprestado" classname="br.com.libraryfree.library_free.integration.EmprestimoIntegrationTests" time="0.505">
    <system-out><![CDATA[
  .   ____          _            __ _ _
 /\\ / ___'_ __ _ _(_)_ __  __ _ \ \ \ \
( ( )\___ | '_ | '_| | '_ \/ _` | \ \ \ \
 \\/  ___)| |_)| | | | | || (_| |  ) ) ) )
  '  |____| .__|_| |_|_| |_\__, | / / / /
 =========|_|==============|___/=/_/_/_/

 :: Spring Boot ::                (v3.5.3)

2025-08-06T16:09:44.784-03:00  INFO 24532 --- [library-free] [           main] b.c.l.l.i.EmprestimoIntegrationTests     : Starting EmprestimoIntegrationTests using Java 24.0.1 with PID 24532 (started by Joao in /home/Joao/Documentos/PI/Minha-Biblioteca/backend)
2025-08-06T16:09:44.784-03:00  INFO 24532 --- [library-free] [           main] b.c.l.l.i.EmprestimoIntegrationTests     : The following 1 profile is active: "test"
2025-08-06T16:09:44.860-03:00  INFO 24532 --- [library-free] [           main] .s.d.r.c.RepositoryConfigurationDelegate : Bootstrapping Spring Data JPA repositories in DEFAULT mode.
2025-08-06T16:09:44.866-03:00  INFO 24532 --- [library-free] [           main] .s.d.r.c.RepositoryConfigurationDelegate : Finished Spring Data repository scanning in 5 ms. Found 4 JPA repository interfaces.
2025-08-06T16:09:44.907-03:00  INFO 24532 --- [library-free] [           main] o.s.b.w.embedded.tomcat.TomcatWebServer  : Tomcat initialized with port 0 (http)
2025-08-06T16:09:44.907-03:00  INFO 24532 --- [library-free] [           main] o.apache.catalina.core.StandardService   : Starting service [Tomcat]
2025-08-06T16:09:44.908-03:00  INFO 24532 --- [library-free] [           main] o.apache.catalina.core.StandardEngine    : Starting Servlet engine: [Apache Tomcat/10.1.42]
2025-08-06T16:09:44.915-03:00  INFO 24532 --- [library-free] [           main] o.a.c.c.C.[Tomcat].[localhost].[/]       : Initializing Spring embedded WebApplicationContext
2025-08-06T16:09:44.915-03:00  INFO 24532 --- [library-free] [           main] w.s.c.ServletWebServerApplicationContext : Root WebApplicationContext: initialization completed in 130 ms
2025-08-06T16:09:44.944-03:00  INFO 24532 --- [library-free] [           main] com.zaxxer.hikari.HikariDataSource       : HikariPool-7 - Starting...
2025-08-06T16:09:44.946-03:00  INFO 24532 --- [library-free] [           main] com.zaxxer.hikari.pool.HikariPool        : HikariPool-7 - Added connection conn60: url=jdbc:h2:mem:testdb user=SA
2025-08-06T16:09:44.946-03:00  INFO 24532 --- [library-free] [           main] com.zaxxer.hikari.HikariDataSource       : HikariPool-7 - Start completed.
2025-08-06T16:09:44.960-03:00  INFO 24532 --- [library-free] [           main] o.hibernate.jpa.internal.util.LogHelper  : HHH000204: Processing PersistenceUnitInfo [name: default]
2025-08-06T16:09:44.962-03:00  INFO 24532 --- [library-free] [           main] o.h.c.internal.RegionFactoryInitiator    : HHH000026: Second-level cache disabled
2025-08-06T16:09:44.967-03:00  INFO 24532 --- [library-free] [           main] o.s.o.j.p.SpringPersistenceUnitInfo      : No LoadTimeWeaver setup: ignoring JPA class transformer
2025-08-06T16:09:44.968-03:00  WARN 24532 --- [library-free] [           main] org.hibernate.dialect.Dialect            : HHH000511: The 2.3.232 version for [org.hibernate.dialect.MariaDBDialect] is no longer supported, hence certain features may not work properly. The minimum supported version is 10.4.0. Check the community dialects project for available legacy versions.
2025-08-06T16:09:44.968-03:00  WARN 24532 --- [library-free] [           main] org.hibernate.orm.deprecation            : HHH90000025: MariaDBDialect does not need to be specified explicitly using 'hibernate.dialect' (remove the property setting and it will be selected by default)
2025-08-06T16:09:44.968-03:00  INFO 24532 --- [library-free] [           main] org.hibernate.orm.connections.pooling    : HHH10001005: Database info:
	Database JDBC URL [Connecting through datasource 'HikariDataSource (HikariPool-7)']
	Database driver: undefined/unknown
	Database version: 2.3.232
	Autocommit mode: undefined/unknown
	Isolation level: undefined/unknown
	Minimum pool size: undefined/unknown
	Maximum pool size: undefined/unknown
2025-08-06T16:09:45.004-03:00  INFO 24532 --- [library-free] [           main] o.h.e.t.j.p.i.JtaPlatformInitiator       : HHH000489: No JTA platform available (set 'hibernate.transaction.jta.platform' to enable JTA platform integration)
2025-08-06T16:09:45.005-03:00  INFO 24532 --- [library-free] [           main] j.LocalContainerEntityManagerFactoryBean : Initialized JPA EntityManagerFactory for persistence unit 'default'
2025-08-06T16:09:45.036-03:00  INFO 24532 --- [library-free] [           main] r$InitializeUserDetailsManagerConfigurer : Global AuthenticationManager configured with UserDetailsService bean with name userDetailsServiceImpl
2025-08-06T16:09:45.050-03:00  WARN 24532 --- [library-free] [           main] JpaBaseConfiguration$JpaWebConfiguration : spring.jpa.open-in-view is enabled by default. Therefore, database queries may be performed during view rendering. Explicitly configure spring.jpa.open-in-view to disable this warning
2025-08-06T16:09:45.075-03:00 DEBUG 24532 --- [library-free] [           main] s.w.s.m.m.a.RequestMappingHandlerMapping : 21 mappings in 'requestMappingHandlerMapping'
2025-08-06T16:09:45.082-03:00 DEBUG 24532 --- [library-free] [           main] o.s.w.s.handler.SimpleUrlHandlerMapping  : Patterns [/webjars/**, /**] in 'resourceHandlerMapping'
2025-08-06T16:09:45.086-03:00 DEBUG 24532 --- [library-free] [           main] o.s.s.web.DefaultSecurityFilterChain     : Will secure any request with filters: DisableEncodeUrlFilter, WebAsyncManagerIntegrationFilter, SecurityContextHolderFilter, HeaderWriterFilter, CorsFilter, LogoutFilter, RequestCacheAwareFilter, SecurityContextHolderAwareRequestFilter, AnonymousAuthenticationFilter, SessionManagementFilter, ExceptionTranslationFilter, AuthorizationFilter
2025-08-06T16:09:45.095-03:00 DEBUG 24532 --- [library-free] [           main] s.w.s.m.m.a.RequestMappingHandlerAdapter : ControllerAdvice beans: 0 @ModelAttribute, 0 @InitBinder, 1 RequestBodyAdvice, 1 ResponseBodyAdvice
2025-08-06T16:09:45.098-03:00 DEBUG 24532 --- [library-free] [           main] .m.m.a.ExceptionHandlerExceptionResolver : ControllerAdvice beans: 0 @ExceptionHandler, 1 ResponseBodyAdvice
2025-08-06T16:09:45.130-03:00  INFO 24532 --- [library-free] [           main] o.s.b.w.embedded.tomcat.TomcatWebServer  : Tomcat started on port 46481 (http) with context path '/'
2025-08-06T16:09:45.132-03:00  INFO 24532 --- [library-free] [           main] b.c.l.l.i.EmprestimoIntegrationTests     : Started EmprestimoIntegrationTests in 0.367 seconds (process running for 24.197)
2025-08-06T16:09:45.139-03:00 DEBUG 24532 --- [library-free] [           main] o.s.web.client.RestTemplate              : HTTP POST http://localhost:46481/libraryfree/auth/login
2025-08-06T16:09:45.141-03:00 DEBUG 24532 --- [library-free] [           main] o.s.web.client.RestTemplate              : Accept=[application/json, application/*+json]
2025-08-06T16:09:45.141-03:00 DEBUG 24532 --- [library-free] [           main] o.s.web.client.RestTemplate              : Writing [LoginDTO[email=admin@libraryfree.com, senha=senha123]] with org.springframework.http.converter.json.MappingJackson2HttpMessageConverter
2025-08-06T16:09:45.144-03:00  INFO 24532 --- [library-free] [o-auto-7-exec-1] o.a.c.c.C.[Tomcat].[localhost].[/]       : Initializing Spring DispatcherServlet 'dispatcherServlet'
2025-08-06T16:09:45.144-03:00  INFO 24532 --- [library-free] [o-auto-7-exec-1] o.s.web.servlet.DispatcherServlet        : Initializing Servlet 'dispatcherServlet'
2025-08-06T16:09:45.144-03:00 DEBUG 24532 --- [library-free] [o-auto-7-exec-1] o.s.web.servlet.DispatcherServlet        : Detected StandardServletMultipartResolver
2025-08-06T16:09:45.144-03:00 DEBUG 24532 --- [library-free] [o-auto-7-exec-1] o.s.web.servlet.DispatcherServlet        : Detected AcceptHeaderLocaleResolver
2025-08-06T16:09:45.144-03:00 DEBUG 24532 --- [library-free] [o-auto-7-exec-1] o.s.web.servlet.DispatcherServlet        : Detected FixedThemeResolver
2025-08-06T16:09:45.144-03:00 DEBUG 24532 --- [library-free] [o-auto-7-exec-1] o.s.web.servlet.DispatcherServlet        : Detected org.springframework.web.servlet.view.DefaultRequestToViewNameTranslator@e36bbb9
2025-08-06T16:09:45.144-03:00 DEBUG 24532 --- [library-free] [o-auto-7-exec-1] o.s.web.servlet.DispatcherServlet        : Detected org.springframework.web.servlet.support.SessionFlashMapManager@4008caaf
2025-08-06T16:09:45.145-03:00 DEBUG 24532 --- [library-free] [o-auto-7-exec-1] o.s.web.servlet.DispatcherServlet        : enableLoggingRequestDetails='false': request parameters and headers will be masked to prevent unsafe logging of potentially sensitive data
2025-08-06T16:09:45.145-03:00  INFO 24532 --- [library-free] [o-auto-7-exec-1] o.s.web.servlet.DispatcherServlet        : Completed initialization in 1 ms
2025-08-06T16:09:45.145-03:00 DEBUG 24532 --- [library-free] [o-auto-7-exec-1] o.s.security.web.FilterChainProxy        : Securing POST /libraryfree/auth/login
2025-08-06T16:09:45.145-03:00 DEBUG 24532 --- [library-free] [o-auto-7-exec-1] o.s.s.w.a.AnonymousAuthenticationFilter  : Set SecurityContextHolder to anonymous SecurityContext
2025-08-06T16:09:45.146-03:00 DEBUG 24532 --- [library-free] [o-auto-7-exec-1] o.s.security.web.FilterChainProxy        : Secured POST /libraryfree/auth/login
2025-08-06T16:09:45.146-03:00 DEBUG 24532 --- [library-free] [o-auto-7-exec-1] o.s.web.servlet.DispatcherServlet        : POST "/libraryfree/auth/login", parameters={}
2025-08-06T16:09:45.146-03:00 DEBUG 24532 --- [library-free] [o-auto-7-exec-1] s.w.s.m.m.a.RequestMappingHandlerMapping : Mapped to br.com.libraryfree.library_free.controller.BibliotecarioController#login(LoginDTO, HttpServletRequest)
2025-08-06T16:09:45.147-03:00 DEBUG 24532 --- [library-free] [o-auto-7-exec-1] m.m.a.RequestResponseBodyMethodProcessor : Read "application/json;charset=UTF-8" to [LoginDTO[email=admin@libraryfree.com, senha=senha123]]
Hibernate: select b1_0.id,b1_0.email,b1_0.nome,b1_0.senha from bibliotecario b1_0 where b1_0.email=?
2025-08-06T16:09:45.618-03:00 DEBUG 24532 --- [library-free] [o-auto-7-exec-1] o.s.s.a.dao.DaoAuthenticationProvider    : Authenticated user
2025-08-06T16:09:45.621-03:00 DEBUG 24532 --- [library-free] [o-auto-7-exec-1] o.s.w.s.m.m.a.HttpEntityMethodProcessor  : Using 'application/json', given [application/json, application/*+json] and supported [application/json, application/*+json]
2025-08-06T16:09:45.621-03:00 DEBUG 24532 --- [library-free] [o-auto-7-exec-1] o.s.w.s.m.m.a.HttpEntityMethodProcessor  : Writing [BibliotecarioDTO[id=1, nome=Felipe Ferreira, email=admin@libraryfree.com]]
2025-08-06T16:09:45.622-03:00 DEBUG 24532 --- [library-free] [o-auto-7-exec-1] o.s.web.servlet.DispatcherServlet        : Completed 200 OK
2025-08-06T16:09:45.623-03:00 DEBUG 24532 --- [library-free] [           main] o.s.web.client.RestTemplate              : Response 200 OK
2025-08-06T16:09:45.623-03:00 DEBUG 24532 --- [library-free] [           main] o.s.web.client.RestTemplate              : Reading to [br.com.libraryfree.library_free.DTO.BibliotecarioDTO]
2025-08-06T16:09:45.624-03:00 DEBUG 24532 --- [library-free] [           main] o.s.web.client.RestTemplate              : HTTP POST http://localhost:46481/libraryfree/emprestimos
2025-08-06T16:09:45.625-03:00 DEBUG 24532 --- [library-free] [           main] o.s.web.client.RestTemplate              : Accept=[application/json, application/*+json]
2025-08-06T16:09:45.625-03:00 DEBUG 24532 --- [library-free] [           main] o.s.web.client.RestTemplate              : Writing [EmprestimoRequestDTO[alunoId=1, livroId=4, prazoDevolucao=2030-10-10]] as "application/json"
2025-08-06T16:09:45.627-03:00 DEBUG 24532 --- [library-free] [o-auto-7-exec-2] o.s.security.web.FilterChainProxy        : Securing POST /libraryfree/emprestimos
2025-08-06T16:09:45.628-03:00 DEBUG 24532 --- [library-free] [o-auto-7-exec-2] w.c.HttpSessionSecurityContextRepository : Retrieved SecurityContextImpl [Authentication=UsernamePasswordAuthenticationToken [Principal=br.com.libraryfree.library_free.security.UserDetailsImpl@6f01c873, Credentials=[PROTECTED], Authenticated=true, Details=null, Granted Authorities=[]]]
2025-08-06T16:09:45.628-03:00 DEBUG 24532 --- [library-free] [o-auto-7-exec-2] o.s.security.web.FilterChainProxy        : Secured POST /libraryfree/emprestimos
2025-08-06T16:09:45.628-03:00 DEBUG 24532 --- [library-free] [o-auto-7-exec-2] o.s.web.servlet.DispatcherServlet        : POST "/libraryfree/emprestimos", parameters={}
2025-08-06T16:09:45.628-03:00 DEBUG 24532 --- [library-free] [o-auto-7-exec-2] s.w.s.m.m.a.RequestMappingHandlerMapping : Mapped to br.com.libraryfree.library_free.controller.EmprestimoController#createEmprestimo(EmprestimoRequestDTO, UriComponentsBuilder)
2025-08-06T16:09:45.630-03:00 DEBUG 24532 --- [library-free] [o-auto-7-exec-2] m.m.a.RequestResponseBodyMethodProcessor : Read "application/json;charset=UTF-8" to [EmprestimoRequestDTO[alunoId=1, livroId=4, prazoDevolucao=2030-10-10]]
Hibernate: select a1_0.id,a1_0.ativo,a1_0.cpf,a1_0.matricula,a1_0.nome from aluno a1_0 where a1_0.id=?
Hibernate: select l1_0.id,l1_0.autor,l1_0.edicao,l1_0.editora,l1_0.emprestado,l1_0.genero,l1_0.isbn,l1_0.publicacao,l1_0.titulo from livro l1_0 where l1_0.id=?
2025-08-06T16:09:45.634-03:00 DEBUG 24532 --- [library-free] [o-auto-7-exec-2] .w.s.m.a.ResponseStatusExceptionResolver : Resolved [org.springframework.web.server.ResponseStatusException: 400 BAD_REQUEST "Livro já está emprestado."]
2025-08-06T16:09:45.634-03:00 DEBUG 24532 --- [library-free] [o-auto-7-exec-2] o.s.web.servlet.DispatcherServlet        : Completed 400 BAD_REQUEST
2025-08-06T16:09:45.634-03:00 DEBUG 24532 --- [library-free] [o-auto-7-exec-2] o.s.security.web.FilterChainProxy        : Securing POST /error
2025-08-06T16:09:45.635-03:00 DEBUG 24532 --- [library-free] [o-auto-7-exec-2] w.c.HttpSessionSecurityContextRepository : Retrieved SecurityContextImpl [Authentication=UsernamePasswordAuthenticationToken [Principal=br.com.libraryfree.library_free.security.UserDetailsImpl@6f01c873, Credentials=[PROTECTED], Authenticated=true, Details=null, Granted Authorities=[]]]
2025-08-06T16:09:45.635-03:00 DEBUG 24532 --- [library-free] [o-auto-7-exec-2] o.s.security.web.FilterChainProxy        : Secured POST /error
2025-08-06T16:09:45.635-03:00 DEBUG 24532 --- [library-free] [o-auto-7-exec-2] o.s.web.servlet.DispatcherServlet        : "ERROR" dispatch for POST "/error", parameters={}
2025-08-06T16:09:45.635-03:00 DEBUG 24532 --- [library-free] [o-auto-7-exec-2] s.w.s.m.m.a.RequestMappingHandlerMapping : Mapped to org.springframework.boot.autoconfigure.web.servlet.error.BasicErrorController#error(HttpServletRequest)
2025-08-06T16:09:45.636-03:00 DEBUG 24532 --- [library-free] [o-auto-7-exec-2] o.s.w.s.m.m.a.HttpEntityMethodProcessor  : Using 'application/json', given [application/json, application/*+json] and supported [application/json, application/*+json]
2025-08-06T16:09:45.636-03:00 DEBUG 24532 --- [library-free] [o-auto-7-exec-2] o.s.w.s.m.m.a.HttpEntityMethodProcessor  : Writing [{timestamp=Wed Aug 06 16:09:45 GMT-03:00 2025, status=400, error=Bad Request, path=/libraryfree/empr (truncated)...]
2025-08-06T16:09:45.637-03:00 DEBUG 24532 --- [library-free] [o-auto-7-exec-2] o.s.web.servlet.DispatcherServlet        : Exiting from "ERROR" dispatch, status 400
2025-08-06T16:09:45.638-03:00 DEBUG 24532 --- [library-free] [           main] o.s.web.client.RestTemplate              : Response 400 BAD_REQUEST
2025-08-06T16:09:45.638-03:00 DEBUG 24532 --- [library-free] [           main] o.s.web.client.RestTemplate              : Reading to [br.com.libraryfree.library_free.DTO.EmprestimoResponseDTO]
]]></system-out>
  </testcase>
  <testcase name="shouldReturn4ActiveEmprestimosWhenAuthenticated" classname="br.com.libraryfree.library_free.integration.EmprestimoIntegrationTests" time="0.352">
    <system-out><![CDATA[2025-08-06T16:09:45.643-03:00 DEBUG 24532 --- [library-free] [           main] o.s.web.client.RestTemplate              : HTTP POST http://localhost:46481/libraryfree/auth/login
2025-08-06T16:09:45.643-03:00 DEBUG 24532 --- [library-free] [           main] o.s.web.client.RestTemplate              : Accept=[application/json, application/*+json]
2025-08-06T16:09:45.643-03:00 DEBUG 24532 --- [library-free] [           main] o.s.web.client.RestTemplate              : Writing [LoginDTO[email=admin@libraryfree.com, senha=senha123]] with org.springframework.http.converter.json.MappingJackson2HttpMessageConverter
2025-08-06T16:09:45.646-03:00 DEBUG 24532 --- [library-free] [o-auto-7-exec-3] o.s.security.web.FilterChainProxy        : Securing POST /libraryfree/auth/login
2025-08-06T16:09:45.646-03:00 DEBUG 24532 --- [library-free] [o-auto-7-exec-3] o.s.s.w.a.AnonymousAuthenticationFilter  : Set SecurityContextHolder to anonymous SecurityContext
2025-08-06T16:09:45.646-03:00 DEBUG 24532 --- [library-free] [o-auto-7-exec-3] o.s.security.web.FilterChainProxy        : Secured POST /libraryfree/auth/login
2025-08-06T16:09:45.647-03:00 DEBUG 24532 --- [library-free] [o-auto-7-exec-3] o.s.web.servlet.DispatcherServlet        : POST "/libraryfree/auth/login", parameters={}
2025-08-06T16:09:45.647-03:00 DEBUG 24532 --- [library-free] [o-auto-7-exec-3] s.w.s.m.m.a.RequestMappingHandlerMapping : Mapped to br.com.libraryfree.library_free.controller.BibliotecarioController#login(LoginDTO, HttpServletRequest)
2025-08-06T16:09:45.647-03:00 DEBUG 24532 --- [library-free] [o-auto-7-exec-3] m.m.a.RequestResponseBodyMethodProcessor : Read "application/json;charset=UTF-8" to [LoginDTO[email=admin@libraryfree.com, senha=senha123]]
Hibernate: select b1_0.id,b1_0.email,b1_0.nome,b1_0.senha from bibliotecario b1_0 where b1_0.email=?
2025-08-06T16:09:45.969-03:00 DEBUG 24532 --- [library-free] [o-auto-7-exec-3] o.s.s.a.dao.DaoAuthenticationProvider    : Authenticated user
2025-08-06T16:09:45.970-03:00 DEBUG 24532 --- [library-free] [o-auto-7-exec-3] o.s.w.s.m.m.a.HttpEntityMethodProcessor  : Using 'application/json', given [application/json, application/*+json] and supported [application/json, application/*+json]
2025-08-06T16:09:45.970-03:00 DEBUG 24532 --- [library-free] [o-auto-7-exec-3] o.s.w.s.m.m.a.HttpEntityMethodProcessor  : Writing [BibliotecarioDTO[id=1, nome=Felipe Ferreira, email=admin@libraryfree.com]]
2025-08-06T16:09:45.971-03:00 DEBUG 24532 --- [library-free] [o-auto-7-exec-3] o.s.web.servlet.DispatcherServlet        : Completed 200 OK
2025-08-06T16:09:45.971-03:00 DEBUG 24532 --- [library-free] [           main] o.s.web.client.RestTemplate              : Response 200 OK
2025-08-06T16:09:45.971-03:00 DEBUG 24532 --- [library-free] [           main] o.s.web.client.RestTemplate              : Reading to [br.com.libraryfree.library_free.DTO.BibliotecarioDTO]
2025-08-06T16:09:45.972-03:00 DEBUG 24532 --- [library-free] [           main] o.s.web.client.RestTemplate              : HTTP GET http://localhost:46481/libraryfree/emprestimos/recentes
2025-08-06T16:09:45.972-03:00 DEBUG 24532 --- [library-free] [           main] o.s.web.client.RestTemplate              : Accept=[application/json, application/*+json]
2025-08-06T16:09:45.974-03:00 DEBUG 24532 --- [library-free] [o-auto-7-exec-4] o.s.security.web.FilterChainProxy        : Securing GET /libraryfree/emprestimos/recentes
2025-08-06T16:09:45.974-03:00 DEBUG 24532 --- [library-free] [o-auto-7-exec-4] w.c.HttpSessionSecurityContextRepository : Retrieved SecurityContextImpl [Authentication=UsernamePasswordAuthenticationToken [Principal=br.com.libraryfree.library_free.security.UserDetailsImpl@2477086a, Credentials=[PROTECTED], Authenticated=true, Details=null, Granted Authorities=[]]]
2025-08-06T16:09:45.974-03:00 DEBUG 24532 --- [library-free] [o-auto-7-exec-4] o.s.security.web.FilterChainProxy        : Secured GET /libraryfree/emprestimos/recentes
2025-08-06T16:09:45.974-03:00 DEBUG 24532 --- [library-free] [o-auto-7-exec-4] o.s.web.servlet.DispatcherServlet        : GET "/libraryfree/emprestimos/recentes", parameters={}
2025-08-06T16:09:45.974-03:00 DEBUG 24532 --- [library-free] [o-auto-7-exec-4] s.w.s.m.m.a.RequestMappingHandlerMapping : Mapped to br.com.libraryfree.library_free.controller.EmprestimoController#findLatestActiveLoans()
Hibernate: select e1_0.id,e1_0.aluno_id,e1_0.ativo,e1_0.data_devolucao,e1_0.data_emprestimo,e1_0.livro_id,e1_0.prazo_devolucao from aluno_livro e1_0 where e1_0.ativo order by e1_0.data_emprestimo desc limit ?
Hibernate: select a1_0.id,a1_0.ativo,a1_0.cpf,a1_0.matricula,a1_0.nome from aluno a1_0 where a1_0.id=?
Hibernate: select l1_0.id,l1_0.autor,l1_0.edicao,l1_0.editora,l1_0.emprestado,l1_0.genero,l1_0.isbn,l1_0.publicacao,l1_0.titulo from livro l1_0 where l1_0.id=?
Hibernate: select l1_0.id,l1_0.autor,l1_0.edicao,l1_0.editora,l1_0.emprestado,l1_0.genero,l1_0.isbn,l1_0.publicacao,l1_0.titulo from livro l1_0 where l1_0.id=?
2025-08-06T16:09:45.988-03:00 DEBUG 24532 --- [library-free] [o-auto-7-exec-4] o.s.w.s.m.m.a.HttpEntityMethodProcessor  : Using 'application/json', given [application/json, application/*+json] and supported [application/json, application/*+json]
2025-08-06T16:09:45.989-03:00 DEBUG 24532 --- [library-free] [o-auto-7-exec-4] o.s.w.s.m.m.a.HttpEntityMethodProcessor  : Writing [[EmprestimoResponseDTO(id=2, alunoId=1, alunoNome=João da Silva, livroId=2, livroTitulo=Dom Casmurro (truncated)...]
2025-08-06T16:09:45.990-03:00 DEBUG 24532 --- [library-free] [o-auto-7-exec-4] o.s.web.servlet.DispatcherServlet        : Completed 200 OK
2025-08-06T16:09:45.991-03:00 DEBUG 24532 --- [library-free] [           main] o.s.web.client.RestTemplate              : Response 200 OK
2025-08-06T16:09:45.991-03:00 DEBUG 24532 --- [library-free] [           main] o.s.web.client.RestTemplate              : Reading to [java.util.List<br.com.libraryfree.library_free.DTO.EmprestimoResponseDTO>]
]]></system-out>
  </testcase>
  <testcase name="shouldCreateEmprestimoSuccessfullyWhenDataIsValid" classname="br.com.libraryfree.library_free.integration.EmprestimoIntegrationTests" time="0.353">
    <system-out><![CDATA[2025-08-06T16:09:45.997-03:00 DEBUG 24532 --- [library-free] [           main] o.s.web.client.RestTemplate              : HTTP POST http://localhost:46481/libraryfree/auth/login
2025-08-06T16:09:45.997-03:00 DEBUG 24532 --- [library-free] [           main] o.s.web.client.RestTemplate              : Accept=[application/json, application/*+json]
2025-08-06T16:09:45.997-03:00 DEBUG 24532 --- [library-free] [           main] o.s.web.client.RestTemplate              : Writing [LoginDTO[email=admin@libraryfree.com, senha=senha123]] with org.springframework.http.converter.json.MappingJackson2HttpMessageConverter
2025-08-06T16:09:45.999-03:00 DEBUG 24532 --- [library-free] [o-auto-7-exec-5] o.s.security.web.FilterChainProxy        : Securing POST /libraryfree/auth/login
2025-08-06T16:09:45.999-03:00 DEBUG 24532 --- [library-free] [o-auto-7-exec-5] o.s.s.w.a.AnonymousAuthenticationFilter  : Set SecurityContextHolder to anonymous SecurityContext
2025-08-06T16:09:45.999-03:00 DEBUG 24532 --- [library-free] [o-auto-7-exec-5] o.s.security.web.FilterChainProxy        : Secured POST /libraryfree/auth/login
2025-08-06T16:09:45.999-03:00 DEBUG 24532 --- [library-free] [o-auto-7-exec-5] o.s.web.servlet.DispatcherServlet        : POST "/libraryfree/auth/login", parameters={}
2025-08-06T16:09:45.999-03:00 DEBUG 24532 --- [library-free] [o-auto-7-exec-5] s.w.s.m.m.a.RequestMappingHandlerMapping : Mapped to br.com.libraryfree.library_free.controller.BibliotecarioController#login(LoginDTO, HttpServletRequest)
2025-08-06T16:09:46.000-03:00 DEBUG 24532 --- [library-free] [o-auto-7-exec-5] m.m.a.RequestResponseBodyMethodProcessor : Read "application/json;charset=UTF-8" to [LoginDTO[email=admin@libraryfree.com, senha=senha123]]
Hibernate: select b1_0.id,b1_0.email,b1_0.nome,b1_0.senha from bibliotecario b1_0 where b1_0.email=?
2025-08-06T16:09:46.319-03:00 DEBUG 24532 --- [library-free] [o-auto-7-exec-5] o.s.s.a.dao.DaoAuthenticationProvider    : Authenticated user
2025-08-06T16:09:46.320-03:00 DEBUG 24532 --- [library-free] [o-auto-7-exec-5] o.s.w.s.m.m.a.HttpEntityMethodProcessor  : Using 'application/json', given [application/json, application/*+json] and supported [application/json, application/*+json]
2025-08-06T16:09:46.320-03:00 DEBUG 24532 --- [library-free] [o-auto-7-exec-5] o.s.w.s.m.m.a.HttpEntityMethodProcessor  : Writing [BibliotecarioDTO[id=1, nome=Felipe Ferreira, email=admin@libraryfree.com]]
2025-08-06T16:09:46.321-03:00 DEBUG 24532 --- [library-free] [o-auto-7-exec-5] o.s.web.servlet.DispatcherServlet        : Completed 200 OK
2025-08-06T16:09:46.321-03:00 DEBUG 24532 --- [library-free] [           main] o.s.web.client.RestTemplate              : Response 200 OK
2025-08-06T16:09:46.321-03:00 DEBUG 24532 --- [library-free] [           main] o.s.web.client.RestTemplate              : Reading to [br.com.libraryfree.library_free.DTO.BibliotecarioDTO]
2025-08-06T16:09:46.322-03:00 DEBUG 24532 --- [library-free] [           main] o.s.web.client.RestTemplate              : HTTP POST http://localhost:46481/libraryfree/emprestimos
2025-08-06T16:09:46.322-03:00 DEBUG 24532 --- [library-free] [           main] o.s.web.client.RestTemplate              : Accept=[application/json, application/*+json]
2025-08-06T16:09:46.322-03:00 DEBUG 24532 --- [library-free] [           main] o.s.web.client.RestTemplate              : Writing [EmprestimoRequestDTO[alunoId=1, livroId=2, prazoDevolucao=2030-10-10]] as "application/json"
2025-08-06T16:09:46.323-03:00 DEBUG 24532 --- [library-free] [o-auto-7-exec-6] o.s.security.web.FilterChainProxy        : Securing POST /libraryfree/emprestimos
2025-08-06T16:09:46.324-03:00 DEBUG 24532 --- [library-free] [o-auto-7-exec-6] w.c.HttpSessionSecurityContextRepository : Retrieved SecurityContextImpl [Authentication=UsernamePasswordAuthenticationToken [Principal=br.com.libraryfree.library_free.security.UserDetailsImpl@43acd743, Credentials=[PROTECTED], Authenticated=true, Details=null, Granted Authorities=[]]]
2025-08-06T16:09:46.324-03:00 DEBUG 24532 --- [library-free] [o-auto-7-exec-6] o.s.security.web.FilterChainProxy        : Secured POST /libraryfree/emprestimos
2025-08-06T16:09:46.324-03:00 DEBUG 24532 --- [library-free] [o-auto-7-exec-6] o.s.web.servlet.DispatcherServlet        : POST "/libraryfree/emprestimos", parameters={}
2025-08-06T16:09:46.324-03:00 DEBUG 24532 --- [library-free] [o-auto-7-exec-6] s.w.s.m.m.a.RequestMappingHandlerMapping : Mapped to br.com.libraryfree.library_free.controller.EmprestimoController#createEmprestimo(EmprestimoRequestDTO, UriComponentsBuilder)
2025-08-06T16:09:46.324-03:00 DEBUG 24532 --- [library-free] [o-auto-7-exec-6] m.m.a.RequestResponseBodyMethodProcessor : Read "application/json;charset=UTF-8" to [EmprestimoRequestDTO[alunoId=1, livroId=2, prazoDevolucao=2030-10-10]]
Hibernate: select a1_0.id,a1_0.ativo,a1_0.cpf,a1_0.matricula,a1_0.nome from aluno a1_0 where a1_0.id=?
Hibernate: select l1_0.id,l1_0.autor,l1_0.edicao,l1_0.editora,l1_0.emprestado,l1_0.genero,l1_0.isbn,l1_0.publicacao,l1_0.titulo from livro l1_0 where l1_0.id=?
Hibernate: insert into aluno_livro (aluno_id,ativo,data_devolucao,data_emprestimo,livro_id,prazo_devolucao) values (?,?,?,?,?,?)
Hibernate: update livro set autor=?,edicao=?,editora=?,emprestado=?,genero=?,isbn=?,publicacao=?,titulo=? where id=?
2025-08-06T16:09:46.331-03:00 DEBUG 24532 --- [library-free] [o-auto-7-exec-6] o.s.w.s.m.m.a.HttpEntityMethodProcessor  : Using 'application/json', given [application/json, application/*+json] and supported [application/json, application/*+json]
2025-08-06T16:09:46.331-03:00 DEBUG 24532 --- [library-free] [o-auto-7-exec-6] o.s.w.s.m.m.a.HttpEntityMethodProcessor  : Nothing to write: null body
2025-08-06T16:09:46.331-03:00 DEBUG 24532 --- [library-free] [o-auto-7-exec-6] o.s.web.servlet.DispatcherServlet        : Completed 201 CREATED
2025-08-06T16:09:46.332-03:00 DEBUG 24532 --- [library-free] [           main] o.s.web.client.RestTemplate              : Response 201 CREATED
2025-08-06T16:09:46.333-03:00 DEBUG 24532 --- [library-free] [           main] o.s.web.client.RestTemplate              : HTTP GET http://localhost:46481/libraryfree/emprestimos/3
2025-08-06T16:09:46.333-03:00 DEBUG 24532 --- [library-free] [           main] o.s.web.client.RestTemplate              : Accept=[application/json, application/*+json]
2025-08-06T16:09:46.334-03:00 DEBUG 24532 --- [library-free] [o-auto-7-exec-7] o.s.security.web.FilterChainProxy        : Securing GET /libraryfree/emprestimos/3
2025-08-06T16:09:46.334-03:00 DEBUG 24532 --- [library-free] [o-auto-7-exec-7] w.c.HttpSessionSecurityContextRepository : Retrieved SecurityContextImpl [Authentication=UsernamePasswordAuthenticationToken [Principal=br.com.libraryfree.library_free.security.UserDetailsImpl@43acd743, Credentials=[PROTECTED], Authenticated=true, Details=null, Granted Authorities=[]]]
2025-08-06T16:09:46.335-03:00 DEBUG 24532 --- [library-free] [o-auto-7-exec-7] o.s.security.web.FilterChainProxy        : Secured GET /libraryfree/emprestimos/3
2025-08-06T16:09:46.335-03:00 DEBUG 24532 --- [library-free] [o-auto-7-exec-7] o.s.web.servlet.DispatcherServlet        : GET "/libraryfree/emprestimos/3", parameters={}
2025-08-06T16:09:46.335-03:00 DEBUG 24532 --- [library-free] [o-auto-7-exec-7] s.w.s.m.m.a.RequestMappingHandlerMapping : Mapped to br.com.libraryfree.library_free.controller.EmprestimoController#findById(Long)
Hibernate: select e1_0.id,e1_0.aluno_id,a1_0.id,a1_0.ativo,a1_0.cpf,a1_0.matricula,a1_0.nome,e1_0.ativo,e1_0.data_devolucao,e1_0.data_emprestimo,e1_0.livro_id,l1_0.id,l1_0.autor,l1_0.edicao,l1_0.editora,l1_0.emprestado,l1_0.genero,l1_0.isbn,l1_0.publicacao,l1_0.titulo,e1_0.prazo_devolucao from aluno_livro e1_0 join aluno a1_0 on a1_0.id=e1_0.aluno_id join livro l1_0 on l1_0.id=e1_0.livro_id where e1_0.id=?
2025-08-06T16:09:46.339-03:00 DEBUG 24532 --- [library-free] [o-auto-7-exec-7] o.s.w.s.m.m.a.HttpEntityMethodProcessor  : Using 'application/json', given [application/json, application/*+json] and supported [application/json, application/*+json]
2025-08-06T16:09:46.339-03:00 DEBUG 24532 --- [library-free] [o-auto-7-exec-7] o.s.w.s.m.m.a.HttpEntityMethodProcessor  : Writing [EmprestimoResponseDTO(id=3, alunoId=1, alunoNome=João da Silva, livroId=2, livroTitulo=Dom Casmurro, (truncated)...]
2025-08-06T16:09:46.340-03:00 DEBUG 24532 --- [library-free] [o-auto-7-exec-7] o.s.web.servlet.DispatcherServlet        : Completed 200 OK
2025-08-06T16:09:46.340-03:00 DEBUG 24532 --- [library-free] [           main] o.s.web.client.RestTemplate              : Response 200 OK
2025-08-06T16:09:46.340-03:00 DEBUG 24532 --- [library-free] [           main] o.s.web.client.RestTemplate              : Reading to [br.com.libraryfree.library_free.DTO.EmprestimoResponseDTO]
2025-08-06T16:09:46.342-03:00  INFO 24532 --- [library-free] [           main] o.s.b.w.e.tomcat.GracefulShutdown        : Commencing graceful shutdown. Waiting for active requests to complete
2025-08-06T16:09:46.343-03:00  INFO 24532 --- [library-free] [tomcat-shutdown] o.s.b.w.e.tomcat.GracefulShutdown        : Graceful shutdown complete
2025-08-06T16:09:46.344-03:00  INFO 24532 --- [library-free] [           main] j.LocalContainerEntityManagerFactoryBean : Closing JPA EntityManagerFactory for persistence unit 'default'
2025-08-06T16:09:46.344-03:00  INFO 24532 --- [library-free] [           main] com.zaxxer.hikari.HikariDataSource       : HikariPool-7 - Shutdown initiated...
2025-08-06T16:09:46.345-03:00  INFO 24532 --- [library-free] [           main] com.zaxxer.hikari.HikariDataSource       : HikariPool-7 - Shutdown completed.
]]></system-out>
  </testcase>
  <testcase name="shouldReturnEmprestimoWhenIdExists" classname="br.com.libraryfree.library_free.integration.EmprestimoIntegrationTests" time="0.503">
    <system-out><![CDATA[
  .   ____          _            __ _ _
 /\\ / ___'_ __ _ _(_)_ __  __ _ \ \ \ \
( ( )\___ | '_ | '_| | '_ \/ _` | \ \ \ \
 \\/  ___)| |_)| | | | | || (_| |  ) ) ) )
  '  |____| .__|_| |_|_| |_\__, | / / / /
 =========|_|==============|___/=/_/_/_/

 :: Spring Boot ::                (v3.5.3)

2025-08-06T16:09:46.375-03:00  INFO 24532 --- [library-free] [           main] b.c.l.l.i.EmprestimoIntegrationTests     : Starting EmprestimoIntegrationTests using Java 24.0.1 with PID 24532 (started by Joao in /home/Joao/Documentos/PI/Minha-Biblioteca/backend)
2025-08-06T16:09:46.376-03:00  INFO 24532 --- [library-free] [           main] b.c.l.l.i.EmprestimoIntegrationTests     : The following 1 profile is active: "test"
2025-08-06T16:09:46.443-03:00  INFO 24532 --- [library-free] [           main] .s.d.r.c.RepositoryConfigurationDelegate : Bootstrapping Spring Data JPA repositories in DEFAULT mode.
2025-08-06T16:09:46.451-03:00  INFO 24532 --- [library-free] [           main] .s.d.r.c.RepositoryConfigurationDelegate : Finished Spring Data repository scanning in 7 ms. Found 4 JPA repository interfaces.
2025-08-06T16:09:46.513-03:00  INFO 24532 --- [library-free] [           main] o.s.b.w.embedded.tomcat.TomcatWebServer  : Tomcat initialized with port 0 (http)
2025-08-06T16:09:46.514-03:00  INFO 24532 --- [library-free] [           main] o.apache.catalina.core.StandardService   : Starting service [Tomcat]
2025-08-06T16:09:46.514-03:00  INFO 24532 --- [library-free] [           main] o.apache.catalina.core.StandardEngine    : Starting Servlet engine: [Apache Tomcat/10.1.42]
2025-08-06T16:09:46.525-03:00  INFO 24532 --- [library-free] [           main] o.a.c.c.C.[Tomcat].[localhost].[/]       : Initializing Spring embedded WebApplicationContext
2025-08-06T16:09:46.525-03:00  INFO 24532 --- [library-free] [           main] w.s.c.ServletWebServerApplicationContext : Root WebApplicationContext: initialization completed in 148 ms
2025-08-06T16:09:46.540-03:00  INFO 24532 --- [library-free] [           main] com.zaxxer.hikari.HikariDataSource       : HikariPool-8 - Starting...
2025-08-06T16:09:46.542-03:00  INFO 24532 --- [library-free] [           main] com.zaxxer.hikari.pool.HikariPool        : HikariPool-8 - Added connection conn70: url=jdbc:h2:mem:testdb user=SA
2025-08-06T16:09:46.542-03:00  INFO 24532 --- [library-free] [           main] com.zaxxer.hikari.HikariDataSource       : HikariPool-8 - Start completed.
2025-08-06T16:09:46.553-03:00  INFO 24532 --- [library-free] [           main] o.hibernate.jpa.internal.util.LogHelper  : HHH000204: Processing PersistenceUnitInfo [name: default]
2025-08-06T16:09:46.554-03:00  INFO 24532 --- [library-free] [           main] o.h.c.internal.RegionFactoryInitiator    : HHH000026: Second-level cache disabled
2025-08-06T16:09:46.558-03:00  INFO 24532 --- [library-free] [           main] o.s.o.j.p.SpringPersistenceUnitInfo      : No LoadTimeWeaver setup: ignoring JPA class transformer
2025-08-06T16:09:46.559-03:00  WARN 24532 --- [library-free] [           main] org.hibernate.dialect.Dialect            : HHH000511: The 2.3.232 version for [org.hibernate.dialect.MariaDBDialect] is no longer supported, hence certain features may not work properly. The minimum supported version is 10.4.0. Check the community dialects project for available legacy versions.
2025-08-06T16:09:46.559-03:00  WARN 24532 --- [library-free] [           main] org.hibernate.orm.deprecation            : HHH90000025: MariaDBDialect does not need to be specified explicitly using 'hibernate.dialect' (remove the property setting and it will be selected by default)
2025-08-06T16:09:46.559-03:00  INFO 24532 --- [library-free] [           main] org.hibernate.orm.connections.pooling    : HHH10001005: Database info:
	Database JDBC URL [Connecting through datasource 'HikariDataSource (HikariPool-8)']
	Database driver: undefined/unknown
	Database version: 2.3.232
	Autocommit mode: undefined/unknown
	Isolation level: undefined/unknown
	Minimum pool size: undefined/unknown
	Maximum pool size: undefined/unknown
2025-08-06T16:09:46.587-03:00  INFO 24532 --- [library-free] [           main] o.h.e.t.j.p.i.JtaPlatformInitiator       : HHH000489: No JTA platform available (set 'hibernate.transaction.jta.platform' to enable JTA platform integration)
2025-08-06T16:09:46.587-03:00  INFO 24532 --- [library-free] [           main] j.LocalContainerEntityManagerFactoryBean : Initialized JPA EntityManagerFactory for persistence unit 'default'
2025-08-06T16:09:46.618-03:00  INFO 24532 --- [library-free] [           main] r$InitializeUserDetailsManagerConfigurer : Global AuthenticationManager configured with UserDetailsService bean with name userDetailsServiceImpl
2025-08-06T16:09:46.637-03:00  WARN 24532 --- [library-free] [           main] JpaBaseConfiguration$JpaWebConfiguration : spring.jpa.open-in-view is enabled by default. Therefore, database queries may be performed during view rendering. Explicitly configure spring.jpa.open-in-view to disable this warning
2025-08-06T16:09:46.671-03:00 DEBUG 24532 --- [library-free] [           main] s.w.s.m.m.a.RequestMappingHandlerMapping : 21 mappings in 'requestMappingHandlerMapping'
2025-08-06T16:09:46.679-03:00 DEBUG 24532 --- [library-free] [           main] o.s.w.s.handler.SimpleUrlHandlerMapping  : Patterns [/webjars/**, /**] in 'resourceHandlerMapping'
2025-08-06T16:09:46.682-03:00 DEBUG 24532 --- [library-free] [           main] o.s.s.web.DefaultSecurityFilterChain     : Will secure any request with filters: DisableEncodeUrlFilter, WebAsyncManagerIntegrationFilter, SecurityContextHolderFilter, HeaderWriterFilter, CorsFilter, LogoutFilter, RequestCacheAwareFilter, SecurityContextHolderAwareRequestFilter, AnonymousAuthenticationFilter, SessionManagementFilter, ExceptionTranslationFilter, AuthorizationFilter
2025-08-06T16:09:46.691-03:00 DEBUG 24532 --- [library-free] [           main] s.w.s.m.m.a.RequestMappingHandlerAdapter : ControllerAdvice beans: 0 @ModelAttribute, 0 @InitBinder, 1 RequestBodyAdvice, 1 ResponseBodyAdvice
2025-08-06T16:09:46.694-03:00 DEBUG 24532 --- [library-free] [           main] .m.m.a.ExceptionHandlerExceptionResolver : ControllerAdvice beans: 0 @ExceptionHandler, 1 ResponseBodyAdvice
2025-08-06T16:09:46.716-03:00  INFO 24532 --- [library-free] [           main] o.s.b.w.embedded.tomcat.TomcatWebServer  : Tomcat started on port 42953 (http) with context path '/'
2025-08-06T16:09:46.718-03:00  INFO 24532 --- [library-free] [           main] b.c.l.l.i.EmprestimoIntegrationTests     : Started EmprestimoIntegrationTests in 0.369 seconds (process running for 25.783)
2025-08-06T16:09:46.722-03:00 DEBUG 24532 --- [library-free] [           main] o.s.web.client.RestTemplate              : HTTP POST http://localhost:42953/libraryfree/auth/login
2025-08-06T16:09:46.723-03:00 DEBUG 24532 --- [library-free] [           main] o.s.web.client.RestTemplate              : Accept=[application/json, application/*+json]
2025-08-06T16:09:46.724-03:00 DEBUG 24532 --- [library-free] [           main] o.s.web.client.RestTemplate              : Writing [LoginDTO[email=admin@libraryfree.com, senha=senha123]] with org.springframework.http.converter.json.MappingJackson2HttpMessageConverter
2025-08-06T16:09:46.726-03:00  INFO 24532 --- [library-free] [o-auto-8-exec-1] o.a.c.c.C.[Tomcat].[localhost].[/]       : Initializing Spring DispatcherServlet 'dispatcherServlet'
2025-08-06T16:09:46.726-03:00  INFO 24532 --- [library-free] [o-auto-8-exec-1] o.s.web.servlet.DispatcherServlet        : Initializing Servlet 'dispatcherServlet'
2025-08-06T16:09:46.726-03:00 DEBUG 24532 --- [library-free] [o-auto-8-exec-1] o.s.web.servlet.DispatcherServlet        : Detected StandardServletMultipartResolver
2025-08-06T16:09:46.726-03:00 DEBUG 24532 --- [library-free] [o-auto-8-exec-1] o.s.web.servlet.DispatcherServlet        : Detected AcceptHeaderLocaleResolver
2025-08-06T16:09:46.726-03:00 DEBUG 24532 --- [library-free] [o-auto-8-exec-1] o.s.web.servlet.DispatcherServlet        : Detected FixedThemeResolver
2025-08-06T16:09:46.727-03:00 DEBUG 24532 --- [library-free] [o-auto-8-exec-1] o.s.web.servlet.DispatcherServlet        : Detected org.springframework.web.servlet.view.DefaultRequestToViewNameTranslator@669abb5c
2025-08-06T16:09:46.727-03:00 DEBUG 24532 --- [library-free] [o-auto-8-exec-1] o.s.web.servlet.DispatcherServlet        : Detected org.springframework.web.servlet.support.SessionFlashMapManager@7837c99c
2025-08-06T16:09:46.727-03:00 DEBUG 24532 --- [library-free] [o-auto-8-exec-1] o.s.web.servlet.DispatcherServlet        : enableLoggingRequestDetails='false': request parameters and headers will be masked to prevent unsafe logging of potentially sensitive data
2025-08-06T16:09:46.727-03:00  INFO 24532 --- [library-free] [o-auto-8-exec-1] o.s.web.servlet.DispatcherServlet        : Completed initialization in 1 ms
2025-08-06T16:09:46.728-03:00 DEBUG 24532 --- [library-free] [o-auto-8-exec-1] o.s.security.web.FilterChainProxy        : Securing POST /libraryfree/auth/login
2025-08-06T16:09:46.729-03:00 DEBUG 24532 --- [library-free] [o-auto-8-exec-1] o.s.s.w.a.AnonymousAuthenticationFilter  : Set SecurityContextHolder to anonymous SecurityContext
2025-08-06T16:09:46.729-03:00 DEBUG 24532 --- [library-free] [o-auto-8-exec-1] o.s.security.web.FilterChainProxy        : Secured POST /libraryfree/auth/login
2025-08-06T16:09:46.729-03:00 DEBUG 24532 --- [library-free] [o-auto-8-exec-1] o.s.web.servlet.DispatcherServlet        : POST "/libraryfree/auth/login", parameters={}
2025-08-06T16:09:46.729-03:00 DEBUG 24532 --- [library-free] [o-auto-8-exec-1] s.w.s.m.m.a.RequestMappingHandlerMapping : Mapped to br.com.libraryfree.library_free.controller.BibliotecarioController#login(LoginDTO, HttpServletRequest)
2025-08-06T16:09:46.732-03:00 DEBUG 24532 --- [library-free] [o-auto-8-exec-1] m.m.a.RequestResponseBodyMethodProcessor : Read "application/json;charset=UTF-8" to [LoginDTO[email=admin@libraryfree.com, senha=senha123]]
Hibernate: select b1_0.id,b1_0.email,b1_0.nome,b1_0.senha from bibliotecario b1_0 where b1_0.email=?
2025-08-06T16:09:47.201-03:00 DEBUG 24532 --- [library-free] [o-auto-8-exec-1] o.s.s.a.dao.DaoAuthenticationProvider    : Authenticated user
2025-08-06T16:09:47.203-03:00 DEBUG 24532 --- [library-free] [o-auto-8-exec-1] o.s.w.s.m.m.a.HttpEntityMethodProcessor  : Using 'application/json', given [application/json, application/*+json] and supported [application/json, application/*+json]
2025-08-06T16:09:47.203-03:00 DEBUG 24532 --- [library-free] [o-auto-8-exec-1] o.s.w.s.m.m.a.HttpEntityMethodProcessor  : Writing [BibliotecarioDTO[id=1, nome=Felipe Ferreira, email=admin@libraryfree.com]]
2025-08-06T16:09:47.203-03:00 DEBUG 24532 --- [library-free] [o-auto-8-exec-1] o.s.web.servlet.DispatcherServlet        : Completed 200 OK
2025-08-06T16:09:47.204-03:00 DEBUG 24532 --- [library-free] [           main] o.s.web.client.RestTemplate              : Response 200 OK
2025-08-06T16:09:47.204-03:00 DEBUG 24532 --- [library-free] [           main] o.s.web.client.RestTemplate              : Reading to [br.com.libraryfree.library_free.DTO.BibliotecarioDTO]
2025-08-06T16:09:47.205-03:00 DEBUG 24532 --- [library-free] [           main] o.s.web.client.RestTemplate              : HTTP GET http://localhost:42953/libraryfree/emprestimos/1
2025-08-06T16:09:47.206-03:00 DEBUG 24532 --- [library-free] [           main] o.s.web.client.RestTemplate              : Accept=[application/json, application/*+json]
2025-08-06T16:09:47.207-03:00 DEBUG 24532 --- [library-free] [o-auto-8-exec-2] o.s.security.web.FilterChainProxy        : Securing GET /libraryfree/emprestimos/1
2025-08-06T16:09:47.208-03:00 DEBUG 24532 --- [library-free] [o-auto-8-exec-2] w.c.HttpSessionSecurityContextRepository : Retrieved SecurityContextImpl [Authentication=UsernamePasswordAuthenticationToken [Principal=br.com.libraryfree.library_free.security.UserDetailsImpl@6995fa8, Credentials=[PROTECTED], Authenticated=true, Details=null, Granted Authorities=[]]]
2025-08-06T16:09:47.208-03:00 DEBUG 24532 --- [library-free] [o-auto-8-exec-2] o.s.security.web.FilterChainProxy        : Secured GET /libraryfree/emprestimos/1
2025-08-06T16:09:47.208-03:00 DEBUG 24532 --- [library-free] [o-auto-8-exec-2] o.s.web.servlet.DispatcherServlet        : GET "/libraryfree/emprestimos/1", parameters={}
2025-08-06T16:09:47.208-03:00 DEBUG 24532 --- [library-free] [o-auto-8-exec-2] s.w.s.m.m.a.RequestMappingHandlerMapping : Mapped to br.com.libraryfree.library_free.controller.EmprestimoController#findById(Long)
Hibernate: select e1_0.id,e1_0.aluno_id,a1_0.id,a1_0.ativo,a1_0.cpf,a1_0.matricula,a1_0.nome,e1_0.ativo,e1_0.data_devolucao,e1_0.data_emprestimo,e1_0.livro_id,l1_0.id,l1_0.autor,l1_0.edicao,l1_0.editora,l1_0.emprestado,l1_0.genero,l1_0.isbn,l1_0.publicacao,l1_0.titulo,e1_0.prazo_devolucao from aluno_livro e1_0 join aluno a1_0 on a1_0.id=e1_0.aluno_id join livro l1_0 on l1_0.id=e1_0.livro_id where e1_0.id=?
2025-08-06T16:09:47.215-03:00 DEBUG 24532 --- [library-free] [o-auto-8-exec-2] o.s.w.s.m.m.a.HttpEntityMethodProcessor  : Using 'application/json', given [application/json, application/*+json] and supported [application/json, application/*+json]
2025-08-06T16:09:47.215-03:00 DEBUG 24532 --- [library-free] [o-auto-8-exec-2] o.s.w.s.m.m.a.HttpEntityMethodProcessor  : Writing [EmprestimoResponseDTO(id=1, alunoId=1, alunoNome=João da Silva, livroId=1, livroTitulo=O Senhor dos  (truncated)...]
2025-08-06T16:09:47.216-03:00 DEBUG 24532 --- [library-free] [o-auto-8-exec-2] o.s.web.servlet.DispatcherServlet        : Completed 200 OK
2025-08-06T16:09:47.220-03:00 DEBUG 24532 --- [library-free] [           main] o.s.web.client.RestTemplate              : Response 200 OK
2025-08-06T16:09:47.220-03:00 DEBUG 24532 --- [library-free] [           main] o.s.web.client.RestTemplate              : Reading to [br.com.libraryfree.library_free.DTO.EmprestimoResponseDTO]
]]></system-out>
  </testcase>
  <testcase name="shouldReturnNotFoundWhenDevolvingLivroWithNoActiveEmprestimo" classname="br.com.libraryfree.library_free.integration.EmprestimoIntegrationTests" time="0.342">
    <system-out><![CDATA[2025-08-06T16:09:47.225-03:00 DEBUG 24532 --- [library-free] [           main] o.s.web.client.RestTemplate              : HTTP POST http://localhost:42953/libraryfree/auth/login
2025-08-06T16:09:47.225-03:00 DEBUG 24532 --- [library-free] [           main] o.s.web.client.RestTemplate              : Accept=[application/json, application/*+json]
2025-08-06T16:09:47.226-03:00 DEBUG 24532 --- [library-free] [           main] o.s.web.client.RestTemplate              : Writing [LoginDTO[email=admin@libraryfree.com, senha=senha123]] with org.springframework.http.converter.json.MappingJackson2HttpMessageConverter
2025-08-06T16:09:47.227-03:00 DEBUG 24532 --- [library-free] [o-auto-8-exec-3] o.s.security.web.FilterChainProxy        : Securing POST /libraryfree/auth/login
2025-08-06T16:09:47.227-03:00 DEBUG 24532 --- [library-free] [o-auto-8-exec-3] o.s.s.w.a.AnonymousAuthenticationFilter  : Set SecurityContextHolder to anonymous SecurityContext
2025-08-06T16:09:47.227-03:00 DEBUG 24532 --- [library-free] [o-auto-8-exec-3] o.s.security.web.FilterChainProxy        : Secured POST /libraryfree/auth/login
2025-08-06T16:09:47.227-03:00 DEBUG 24532 --- [library-free] [o-auto-8-exec-3] o.s.web.servlet.DispatcherServlet        : POST "/libraryfree/auth/login", parameters={}
2025-08-06T16:09:47.227-03:00 DEBUG 24532 --- [library-free] [o-auto-8-exec-3] s.w.s.m.m.a.RequestMappingHandlerMapping : Mapped to br.com.libraryfree.library_free.controller.BibliotecarioController#login(LoginDTO, HttpServletRequest)
2025-08-06T16:09:47.228-03:00 DEBUG 24532 --- [library-free] [o-auto-8-exec-3] m.m.a.RequestResponseBodyMethodProcessor : Read "application/json;charset=UTF-8" to [LoginDTO[email=admin@libraryfree.com, senha=senha123]]
Hibernate: select b1_0.id,b1_0.email,b1_0.nome,b1_0.senha from bibliotecario b1_0 where b1_0.email=?
2025-08-06T16:09:47.553-03:00 DEBUG 24532 --- [library-free] [o-auto-8-exec-3] o.s.s.a.dao.DaoAuthenticationProvider    : Authenticated user
2025-08-06T16:09:47.553-03:00 DEBUG 24532 --- [library-free] [o-auto-8-exec-3] o.s.w.s.m.m.a.HttpEntityMethodProcessor  : Using 'application/json', given [application/json, application/*+json] and supported [application/json, application/*+json]
2025-08-06T16:09:47.553-03:00 DEBUG 24532 --- [library-free] [o-auto-8-exec-3] o.s.w.s.m.m.a.HttpEntityMethodProcessor  : Writing [BibliotecarioDTO[id=1, nome=Felipe Ferreira, email=admin@libraryfree.com]]
2025-08-06T16:09:47.554-03:00 DEBUG 24532 --- [library-free] [o-auto-8-exec-3] o.s.web.servlet.DispatcherServlet        : Completed 200 OK
2025-08-06T16:09:47.554-03:00 DEBUG 24532 --- [library-free] [           main] o.s.web.client.RestTemplate              : Response 200 OK
2025-08-06T16:09:47.555-03:00 DEBUG 24532 --- [library-free] [           main] o.s.web.client.RestTemplate              : Reading to [br.com.libraryfree.library_free.DTO.BibliotecarioDTO]
2025-08-06T16:09:47.555-03:00 DEBUG 24532 --- [library-free] [           main] o.s.web.client.RestTemplate              : HTTP PUT http://localhost:42953/libraryfree/emprestimos/3
2025-08-06T16:09:47.555-03:00 DEBUG 24532 --- [library-free] [           main] o.s.web.client.RestTemplate              : Accept=[application/json, application/*+json]
2025-08-06T16:09:47.556-03:00 DEBUG 24532 --- [library-free] [o-auto-8-exec-4] o.s.security.web.FilterChainProxy        : Securing PUT /libraryfree/emprestimos/3
2025-08-06T16:09:47.557-03:00 DEBUG 24532 --- [library-free] [o-auto-8-exec-4] w.c.HttpSessionSecurityContextRepository : Retrieved SecurityContextImpl [Authentication=UsernamePasswordAuthenticationToken [Principal=br.com.libraryfree.library_free.security.UserDetailsImpl@283e7c07, Credentials=[PROTECTED], Authenticated=true, Details=null, Granted Authorities=[]]]
2025-08-06T16:09:47.557-03:00 DEBUG 24532 --- [library-free] [o-auto-8-exec-4] o.s.security.web.FilterChainProxy        : Secured PUT /libraryfree/emprestimos/3
2025-08-06T16:09:47.557-03:00 DEBUG 24532 --- [library-free] [o-auto-8-exec-4] o.s.web.servlet.DispatcherServlet        : PUT "/libraryfree/emprestimos/3", parameters={}
2025-08-06T16:09:47.557-03:00 DEBUG 24532 --- [library-free] [o-auto-8-exec-4] s.w.s.m.m.a.RequestMappingHandlerMapping : Mapped to br.com.libraryfree.library_free.controller.EmprestimoController#editEmprestimo(Long)
Hibernate: select e1_0.id,e1_0.aluno_id,e1_0.ativo,e1_0.data_devolucao,e1_0.data_emprestimo,e1_0.livro_id,e1_0.prazo_devolucao from aluno_livro e1_0 left join livro l1_0 on l1_0.id=e1_0.livro_id where l1_0.id=? and e1_0.ativo
2025-08-06T16:09:47.560-03:00 DEBUG 24532 --- [library-free] [o-auto-8-exec-4] .w.s.m.a.ResponseStatusExceptionResolver : Resolved [org.springframework.web.server.ResponseStatusException: 404 NOT_FOUND "Não foi encontrado empréstimo ativo para este livro."]
2025-08-06T16:09:47.560-03:00 DEBUG 24532 --- [library-free] [o-auto-8-exec-4] o.s.web.servlet.DispatcherServlet        : Completed 404 NOT_FOUND
2025-08-06T16:09:47.561-03:00 DEBUG 24532 --- [library-free] [o-auto-8-exec-4] o.s.security.web.FilterChainProxy        : Securing PUT /error
2025-08-06T16:09:47.561-03:00 DEBUG 24532 --- [library-free] [o-auto-8-exec-4] w.c.HttpSessionSecurityContextRepository : Retrieved SecurityContextImpl [Authentication=UsernamePasswordAuthenticationToken [Principal=br.com.libraryfree.library_free.security.UserDetailsImpl@283e7c07, Credentials=[PROTECTED], Authenticated=true, Details=null, Granted Authorities=[]]]
2025-08-06T16:09:47.561-03:00 DEBUG 24532 --- [library-free] [o-auto-8-exec-4] o.s.security.web.FilterChainProxy        : Secured PUT /error
2025-08-06T16:09:47.561-03:00 DEBUG 24532 --- [library-free] [o-auto-8-exec-4] o.s.web.servlet.DispatcherServlet        : "ERROR" dispatch for PUT "/error", parameters={}
2025-08-06T16:09:47.561-03:00 DEBUG 24532 --- [library-free] [o-auto-8-exec-4] s.w.s.m.m.a.RequestMappingHandlerMapping : Mapped to org.springframework.boot.autoconfigure.web.servlet.error.BasicErrorController#error(HttpServletRequest)
2025-08-06T16:09:47.562-03:00 DEBUG 24532 --- [library-free] [o-auto-8-exec-4] o.s.w.s.m.m.a.HttpEntityMethodProcessor  : Using 'application/json', given [application/json, application/*+json] and supported [application/json, application/*+json]
2025-08-06T16:09:47.562-03:00 DEBUG 24532 --- [library-free] [o-auto-8-exec-4] o.s.w.s.m.m.a.HttpEntityMethodProcessor  : Writing [{timestamp=Wed Aug 06 16:09:47 GMT-03:00 2025, status=404, error=Not Found, path=/libraryfree/empres (truncated)...]
2025-08-06T16:09:47.563-03:00 DEBUG 24532 --- [library-free] [o-auto-8-exec-4] o.s.web.servlet.DispatcherServlet        : Exiting from "ERROR" dispatch, status 404
2025-08-06T16:09:47.564-03:00 DEBUG 24532 --- [library-free] [           main] o.s.web.client.RestTemplate              : Response 404 NOT_FOUND
]]></system-out>
  </testcase>
  <testcase name="shouldReturnNotFoundWhenDevolvingLivroWithNonExistentId" classname="br.com.libraryfree.library_free.integration.EmprestimoIntegrationTests" time="0.361">
    <system-out><![CDATA[2025-08-06T16:09:47.569-03:00 DEBUG 24532 --- [library-free] [           main] o.s.web.client.RestTemplate              : HTTP POST http://localhost:42953/libraryfree/auth/login
2025-08-06T16:09:47.569-03:00 DEBUG 24532 --- [library-free] [           main] o.s.web.client.RestTemplate              : Accept=[application/json, application/*+json]
2025-08-06T16:09:47.569-03:00 DEBUG 24532 --- [library-free] [           main] o.s.web.client.RestTemplate              : Writing [LoginDTO[email=admin@libraryfree.com, senha=senha123]] with org.springframework.http.converter.json.MappingJackson2HttpMessageConverter
2025-08-06T16:09:47.573-03:00 DEBUG 24532 --- [library-free] [o-auto-8-exec-5] o.s.security.web.FilterChainProxy        : Securing POST /libraryfree/auth/login
2025-08-06T16:09:47.573-03:00 DEBUG 24532 --- [library-free] [o-auto-8-exec-5] o.s.s.w.a.AnonymousAuthenticationFilter  : Set SecurityContextHolder to anonymous SecurityContext
2025-08-06T16:09:47.573-03:00 DEBUG 24532 --- [library-free] [o-auto-8-exec-5] o.s.security.web.FilterChainProxy        : Secured POST /libraryfree/auth/login
2025-08-06T16:09:47.573-03:00 DEBUG 24532 --- [library-free] [o-auto-8-exec-5] o.s.web.servlet.DispatcherServlet        : POST "/libraryfree/auth/login", parameters={}
2025-08-06T16:09:47.574-03:00 DEBUG 24532 --- [library-free] [o-auto-8-exec-5] s.w.s.m.m.a.RequestMappingHandlerMapping : Mapped to br.com.libraryfree.library_free.controller.BibliotecarioController#login(LoginDTO, HttpServletRequest)
2025-08-06T16:09:47.574-03:00 DEBUG 24532 --- [library-free] [o-auto-8-exec-5] m.m.a.RequestResponseBodyMethodProcessor : Read "application/json;charset=UTF-8" to [LoginDTO[email=admin@libraryfree.com, senha=senha123]]
Hibernate: select b1_0.id,b1_0.email,b1_0.nome,b1_0.senha from bibliotecario b1_0 where b1_0.email=?
2025-08-06T16:09:47.911-03:00 DEBUG 24532 --- [library-free] [o-auto-8-exec-5] o.s.s.a.dao.DaoAuthenticationProvider    : Authenticated user
2025-08-06T16:09:47.913-03:00 DEBUG 24532 --- [library-free] [o-auto-8-exec-5] o.s.w.s.m.m.a.HttpEntityMethodProcessor  : Using 'application/json', given [application/json, application/*+json] and supported [application/json, application/*+json]
2025-08-06T16:09:47.913-03:00 DEBUG 24532 --- [library-free] [o-auto-8-exec-5] o.s.w.s.m.m.a.HttpEntityMethodProcessor  : Writing [BibliotecarioDTO[id=1, nome=Felipe Ferreira, email=admin@libraryfree.com]]
2025-08-06T16:09:47.914-03:00 DEBUG 24532 --- [library-free] [o-auto-8-exec-5] o.s.web.servlet.DispatcherServlet        : Completed 200 OK
2025-08-06T16:09:47.914-03:00 DEBUG 24532 --- [library-free] [           main] o.s.web.client.RestTemplate              : Response 200 OK
2025-08-06T16:09:47.914-03:00 DEBUG 24532 --- [library-free] [           main] o.s.web.client.RestTemplate              : Reading to [br.com.libraryfree.library_free.DTO.BibliotecarioDTO]
2025-08-06T16:09:47.915-03:00 DEBUG 24532 --- [library-free] [           main] o.s.web.client.RestTemplate              : HTTP PUT http://localhost:42953/libraryfree/emprestimos/1000
2025-08-06T16:09:47.915-03:00 DEBUG 24532 --- [library-free] [           main] o.s.web.client.RestTemplate              : Accept=[application/json, application/*+json]
2025-08-06T16:09:47.917-03:00 DEBUG 24532 --- [library-free] [o-auto-8-exec-6] o.s.security.web.FilterChainProxy        : Securing PUT /libraryfree/emprestimos/1000
2025-08-06T16:09:47.918-03:00 DEBUG 24532 --- [library-free] [o-auto-8-exec-6] w.c.HttpSessionSecurityContextRepository : Retrieved SecurityContextImpl [Authentication=UsernamePasswordAuthenticationToken [Principal=br.com.libraryfree.library_free.security.UserDetailsImpl@357116af, Credentials=[PROTECTED], Authenticated=true, Details=null, Granted Authorities=[]]]
2025-08-06T16:09:47.918-03:00 DEBUG 24532 --- [library-free] [o-auto-8-exec-6] o.s.security.web.FilterChainProxy        : Secured PUT /libraryfree/emprestimos/1000
2025-08-06T16:09:47.918-03:00 DEBUG 24532 --- [library-free] [o-auto-8-exec-6] o.s.web.servlet.DispatcherServlet        : PUT "/libraryfree/emprestimos/1000", parameters={}
2025-08-06T16:09:47.918-03:00 DEBUG 24532 --- [library-free] [o-auto-8-exec-6] s.w.s.m.m.a.RequestMappingHandlerMapping : Mapped to br.com.libraryfree.library_free.controller.EmprestimoController#editEmprestimo(Long)
Hibernate: select e1_0.id,e1_0.aluno_id,e1_0.ativo,e1_0.data_devolucao,e1_0.data_emprestimo,e1_0.livro_id,e1_0.prazo_devolucao from aluno_livro e1_0 left join livro l1_0 on l1_0.id=e1_0.livro_id where l1_0.id=? and e1_0.ativo
2025-08-06T16:09:47.922-03:00 DEBUG 24532 --- [library-free] [o-auto-8-exec-6] .w.s.m.a.ResponseStatusExceptionResolver : Resolved [org.springframework.web.server.ResponseStatusException: 404 NOT_FOUND "Não foi encontrado empréstimo ativo para este livro."]
2025-08-06T16:09:47.922-03:00 DEBUG 24532 --- [library-free] [o-auto-8-exec-6] o.s.web.servlet.DispatcherServlet        : Completed 404 NOT_FOUND
2025-08-06T16:09:47.923-03:00 DEBUG 24532 --- [library-free] [o-auto-8-exec-6] o.s.security.web.FilterChainProxy        : Securing PUT /error
2025-08-06T16:09:47.923-03:00 DEBUG 24532 --- [library-free] [o-auto-8-exec-6] w.c.HttpSessionSecurityContextRepository : Retrieved SecurityContextImpl [Authentication=UsernamePasswordAuthenticationToken [Principal=br.com.libraryfree.library_free.security.UserDetailsImpl@357116af, Credentials=[PROTECTED], Authenticated=true, Details=null, Granted Authorities=[]]]
2025-08-06T16:09:47.923-03:00 DEBUG 24532 --- [library-free] [o-auto-8-exec-6] o.s.security.web.FilterChainProxy        : Secured PUT /error
2025-08-06T16:09:47.923-03:00 DEBUG 24532 --- [library-free] [o-auto-8-exec-6] o.s.web.servlet.DispatcherServlet        : "ERROR" dispatch for PUT "/error", parameters={}
2025-08-06T16:09:47.923-03:00 DEBUG 24532 --- [library-free] [o-auto-8-exec-6] s.w.s.m.m.a.RequestMappingHandlerMapping : Mapped to org.springframework.boot.autoconfigure.web.servlet.error.BasicErrorController#error(HttpServletRequest)
2025-08-06T16:09:47.924-03:00 DEBUG 24532 --- [library-free] [o-auto-8-exec-6] o.s.w.s.m.m.a.HttpEntityMethodProcessor  : Using 'application/json', given [application/json, application/*+json] and supported [application/json, application/*+json]
2025-08-06T16:09:47.924-03:00 DEBUG 24532 --- [library-free] [o-auto-8-exec-6] o.s.w.s.m.m.a.HttpEntityMethodProcessor  : Writing [{timestamp=Wed Aug 06 16:09:47 GMT-03:00 2025, status=404, error=Not Found, path=/libraryfree/empres (truncated)...]
2025-08-06T16:09:47.924-03:00 DEBUG 24532 --- [library-free] [o-auto-8-exec-6] o.s.web.servlet.DispatcherServlet        : Exiting from "ERROR" dispatch, status 404
2025-08-06T16:09:47.925-03:00 DEBUG 24532 --- [library-free] [           main] o.s.web.client.RestTemplate              : Response 404 NOT_FOUND
]]></system-out>
  </testcase>
  <testcase name="shouldReturnBadRequestWhenAlunoIsNotActive" classname="br.com.libraryfree.library_free.integration.EmprestimoIntegrationTests" time="0.328">
    <system-out><![CDATA[2025-08-06T16:09:47.929-03:00 DEBUG 24532 --- [library-free] [           main] o.s.web.client.RestTemplate              : HTTP POST http://localhost:42953/libraryfree/auth/login
2025-08-06T16:09:47.929-03:00 DEBUG 24532 --- [library-free] [           main] o.s.web.client.RestTemplate              : Accept=[application/json, application/*+json]
2025-08-06T16:09:47.929-03:00 DEBUG 24532 --- [library-free] [           main] o.s.web.client.RestTemplate              : Writing [LoginDTO[email=admin@libraryfree.com, senha=senha123]] with org.springframework.http.converter.json.MappingJackson2HttpMessageConverter
2025-08-06T16:09:47.931-03:00 DEBUG 24532 --- [library-free] [o-auto-8-exec-7] o.s.security.web.FilterChainProxy        : Securing POST /libraryfree/auth/login
2025-08-06T16:09:47.932-03:00 DEBUG 24532 --- [library-free] [o-auto-8-exec-7] o.s.s.w.a.AnonymousAuthenticationFilter  : Set SecurityContextHolder to anonymous SecurityContext
2025-08-06T16:09:47.932-03:00 DEBUG 24532 --- [library-free] [o-auto-8-exec-7] o.s.security.web.FilterChainProxy        : Secured POST /libraryfree/auth/login
2025-08-06T16:09:47.932-03:00 DEBUG 24532 --- [library-free] [o-auto-8-exec-7] o.s.web.servlet.DispatcherServlet        : POST "/libraryfree/auth/login", parameters={}
2025-08-06T16:09:47.932-03:00 DEBUG 24532 --- [library-free] [o-auto-8-exec-7] s.w.s.m.m.a.RequestMappingHandlerMapping : Mapped to br.com.libraryfree.library_free.controller.BibliotecarioController#login(LoginDTO, HttpServletRequest)
2025-08-06T16:09:47.933-03:00 DEBUG 24532 --- [library-free] [o-auto-8-exec-7] m.m.a.RequestResponseBodyMethodProcessor : Read "application/json;charset=UTF-8" to [LoginDTO[email=admin@libraryfree.com, senha=senha123]]
Hibernate: select b1_0.id,b1_0.email,b1_0.nome,b1_0.senha from bibliotecario b1_0 where b1_0.email=?
2025-08-06T16:09:48.243-03:00 DEBUG 24532 --- [library-free] [o-auto-8-exec-7] o.s.s.a.dao.DaoAuthenticationProvider    : Authenticated user
2025-08-06T16:09:48.243-03:00 DEBUG 24532 --- [library-free] [o-auto-8-exec-7] o.s.w.s.m.m.a.HttpEntityMethodProcessor  : Using 'application/json', given [application/json, application/*+json] and supported [application/json, application/*+json]
2025-08-06T16:09:48.244-03:00 DEBUG 24532 --- [library-free] [o-auto-8-exec-7] o.s.w.s.m.m.a.HttpEntityMethodProcessor  : Writing [BibliotecarioDTO[id=1, nome=Felipe Ferreira, email=admin@libraryfree.com]]
2025-08-06T16:09:48.244-03:00 DEBUG 24532 --- [library-free] [o-auto-8-exec-7] o.s.web.servlet.DispatcherServlet        : Completed 200 OK
2025-08-06T16:09:48.245-03:00 DEBUG 24532 --- [library-free] [           main] o.s.web.client.RestTemplate              : Response 200 OK
2025-08-06T16:09:48.245-03:00 DEBUG 24532 --- [library-free] [           main] o.s.web.client.RestTemplate              : Reading to [br.com.libraryfree.library_free.DTO.BibliotecarioDTO]
[...]
Hibernate: select e1_0.id,e1_0.aluno_id,a1_0.id,a1_0.ativo,a1_0.cpf,a1_0.matricula,a1_0.nome,e1_0.ativo,e1_0.data_devolucao,e1_0.data_emprestimo,e1_0.livro_id,l1_0.id,l1_0.autor,l1_0.edicao,l1_0.editora,l1_0.emprestado,l1_0.genero,l1_0.isbn,l1_0.publicacao,l1_0.titulo,e1_0.prazo_devolucao from aluno_livro e1_0 join aluno a1_0 on a1_0.id=e1_0.aluno_id join livro l1_0 on l1_0.id=e1_0.livro_id where e1_0.id=?
2025-08-06T16:09:48.920-03:00 DEBUG 24532 --- [library-free] [o-auto-8-exec-2] .w.s.m.a.ResponseStatusExceptionResolver : Resolved [org.springframework.web.server.ResponseStatusException: 404 NOT_FOUND "Empréstimo não encontrado."]
2025-08-06T16:09:48.920-03:00 DEBUG 24532 --- [library-free] [o-auto-8-exec-2] o.s.web.servlet.DispatcherServlet        : Completed 404 NOT_FOUND
2025-08-06T16:09:48.921-03:00 DEBUG 24532 --- [library-free] [o-auto-8-exec-2] o.s.security.web.FilterChainProxy        : Securing GET /error
2025-08-06T16:09:48.921-03:00 DEBUG 24532 --- [library-free] [o-auto-8-exec-2] w.c.HttpSessionSecurityContextRepository : Retrieved SecurityContextImpl [Authentication=UsernamePasswordAuthenticationToken [Principal=br.com.libraryfree.library_free.security.UserDetailsImpl@66b06092, Credentials=[PROTECTED], Authenticated=true, Details=null, Granted Authorities=[]]]
2025-08-06T16:09:48.921-03:00 DEBUG 24532 --- [library-free] [o-auto-8-exec-2] o.s.security.web.FilterChainProxy        : Secured GET /error
2025-08-06T16:09:48.921-03:00 DEBUG 24532 --- [library-free] [o-auto-8-exec-2] o.s.web.servlet.DispatcherServlet        : "ERROR" dispatch for GET "/error", parameters={}
2025-08-06T16:09:48.921-03:00 DEBUG 24532 --- [library-free] [o-auto-8-exec-2] s.w.s.m.m.a.RequestMappingHandlerMapping : Mapped to org.springframework.boot.autoconfigure.web.servlet.error.BasicErrorController#error(HttpServletRequest)
2025-08-06T16:09:48.922-03:00 DEBUG 24532 --- [library-free] [o-auto-8-exec-2] o.s.w.s.m.m.a.HttpEntityMethodProcessor  : Using 'application/json', given [application/json, application/*+json] and supported [application/json, application/*+json]
2025-08-06T16:09:48.922-03:00 DEBUG 24532 --- [library-free] [o-auto-8-exec-2] o.s.w.s.m.m.a.HttpEntityMethodProcessor  : Writing [{timestamp=Wed Aug 06 16:09:48 GMT-03:00 2025, status=404, error=Not Found, path=/libraryfree/empres (truncated)...]
2025-08-06T16:09:48.923-03:00 DEBUG 24532 --- [library-free] [o-auto-8-exec-2] o.s.web.servlet.DispatcherServlet        : Exiting from "ERROR" dispatch, status 404
2025-08-06T16:09:48.923-03:00 DEBUG 24532 --- [library-free] [           main] o.s.web.client.RestTemplate              : Response 404 NOT_FOUND
2025-08-06T16:09:48.923-03:00 DEBUG 24532 --- [library-free] [           main] o.s.web.client.RestTemplate              : Reading to [br.com.libraryfree.library_free.DTO.EmprestimoResponseDTO]
]]></system-out>
  </testcase>
  <testcase name="shouldReturnBadRequestWhenLivroDoesNotExist" classname="br.com.libraryfree.library_free.integration.EmprestimoIntegrationTests" time="0.327">
    <system-out><![CDATA[2025-08-06T16:09:48.928-03:00 DEBUG 24532 --- [library-free] [           main] o.s.web.client.RestTemplate              : HTTP POST http://localhost:42953/libraryfree/auth/login
2025-08-06T16:09:48.928-03:00 DEBUG 24532 --- [library-free] [           main] o.s.web.client.RestTemplate              : Accept=[application/json, application/*+json]
2025-08-06T16:09:48.928-03:00 DEBUG 24532 --- [library-free] [           main] o.s.web.client.RestTemplate              : Writing [LoginDTO[email=admin@libraryfree.com, senha=senha123]] with org.springframework.http.converter.json.MappingJackson2HttpMessageConverter
2025-08-06T16:09:48.931-03:00 DEBUG 24532 --- [library-free] [o-auto-8-exec-3] o.s.security.web.FilterChainProxy        : Securing POST /libraryfree/auth/login
2025-08-06T16:09:48.932-03:00 DEBUG 24532 --- [library-free] [o-auto-8-exec-3] o.s.s.w.a.AnonymousAuthenticationFilter  : Set SecurityContextHolder to anonymous SecurityContext
2025-08-06T16:09:48.932-03:00 DEBUG 24532 --- [library-free] [o-auto-8-exec-3] o.s.security.web.FilterChainProxy        : Secured POST /libraryfree/auth/login
2025-08-06T16:09:48.935-03:00 DEBUG 24532 --- [library-free] [o-auto-8-exec-3] o.s.web.servlet.DispatcherServlet        : POST "/libraryfree/auth/login", parameters={}
2025-08-06T16:09:48.936-03:00 DEBUG 24532 --- [library-free] [o-auto-8-exec-3] s.w.s.m.m.a.RequestMappingHandlerMapping : Mapped to br.com.libraryfree.library_free.controller.BibliotecarioController#login(LoginDTO, HttpServletRequest)
2025-08-06T16:09:48.936-03:00 DEBUG 24532 --- [library-free] [o-auto-8-exec-3] m.m.a.RequestResponseBodyMethodProcessor : Read "application/json;charset=UTF-8" to [LoginDTO[email=admin@libraryfree.com, senha=senha123]]
Hibernate: select b1_0.id,b1_0.email,b1_0.nome,b1_0.senha from bibliotecario b1_0 where b1_0.email=?
2025-08-06T16:09:49.240-03:00 DEBUG 24532 --- [library-free] [o-auto-8-exec-3] o.s.s.a.dao.DaoAuthenticationProvider    : Authenticated user
2025-08-06T16:09:49.241-03:00 DEBUG 24532 --- [library-free] [o-auto-8-exec-3] o.s.w.s.m.m.a.HttpEntityMethodProcessor  : Using 'application/json', given [application/json, application/*+json] and supported [application/json, application/*+json]
2025-08-06T16:09:49.241-03:00 DEBUG 24532 --- [library-free] [o-auto-8-exec-3] o.s.w.s.m.m.a.HttpEntityMethodProcessor  : Writing [BibliotecarioDTO[id=1, nome=Felipe Ferreira, email=admin@libraryfree.com]]
2025-08-06T16:09:49.242-03:00 DEBUG 24532 --- [library-free] [o-auto-8-exec-3] o.s.web.servlet.DispatcherServlet        : Completed 200 OK
2025-08-06T16:09:49.242-03:00 DEBUG 24532 --- [library-free] [           main] o.s.web.client.RestTemplate              : Response 200 OK
2025-08-06T16:09:49.243-03:00 DEBUG 24532 --- [library-free] [           main] o.s.web.client.RestTemplate              : Reading to [br.com.libraryfree.library_free.DTO.BibliotecarioDTO]
2025-08-06T16:09:49.244-03:00 DEBUG 24532 --- [library-free] [           main] o.s.web.client.RestTemplate              : HTTP POST http://localhost:42953/libraryfree/emprestimos
2025-08-06T16:09:49.244-03:00 DEBUG 24532 --- [library-free] [           main] o.s.web.client.RestTemplate              : Accept=[application/json, application/*+json]
2025-08-06T16:09:49.244-03:00 DEBUG 24532 --- [library-free] [           main] o.s.web.client.RestTemplate              : Writing [EmprestimoRequestDTO[alunoId=1, livroId=1000, prazoDevolucao=2030-10-10]] as "application/json"
2025-08-06T16:09:49.245-03:00 DEBUG 24532 --- [library-free] [o-auto-8-exec-4] o.s.security.web.FilterChainProxy        : Securing POST /libraryfree/emprestimos
2025-08-06T16:09:49.245-03:00 DEBUG 24532 --- [library-free] [o-auto-8-exec-4] w.c.HttpSessionSecurityContextRepository : Retrieved SecurityContextImpl [Authentication=UsernamePasswordAuthenticationToken [Principal=br.com.libraryfree.library_free.security.UserDetailsImpl@35fc172c, Credentials=[PROTECTED], Authenticated=true, Details=null, Granted Authorities=[]]]
2025-08-06T16:09:49.245-03:00 DEBUG 24532 --- [library-free] [o-auto-8-exec-4] o.s.security.web.FilterChainProxy        : Secured POST /libraryfree/emprestimos
2025-08-06T16:09:49.246-03:00 DEBUG 24532 --- [library-free] [o-auto-8-exec-4] o.s.web.servlet.DispatcherServlet        : POST "/libraryfree/emprestimos", parameters={}
2025-08-06T16:09:49.246-03:00 DEBUG 24532 --- [library-free] [o-auto-8-exec-4] s.w.s.m.m.a.RequestMappingHandlerMapping : Mapped to br.com.libraryfree.library_free.controller.EmprestimoController#createEmprestimo(EmprestimoRequestDTO, UriComponentsBuilder)
2025-08-06T16:09:49.247-03:00 DEBUG 24532 --- [library-free] [o-auto-8-exec-4] m.m.a.RequestResponseBodyMethodProcessor : Read "application/json;charset=UTF-8" to [EmprestimoRequestDTO[alunoId=1, livroId=1000, prazoDevolucao=2030-10-10]]
Hibernate: select a1_0.id,a1_0.ativo,a1_0.cpf,a1_0.matricula,a1_0.nome from aluno a1_0 where a1_0.id=?
Hibernate: select l1_0.id,l1_0.autor,l1_0.edicao,l1_0.editora,l1_0.emprestado,l1_0.genero,l1_0.isbn,l1_0.publicacao,l1_0.titulo from livro l1_0 where l1_0.id=?
2025-08-06T16:09:49.248-03:00 DEBUG 24532 --- [library-free] [o-auto-8-exec-4] .w.s.m.a.ResponseStatusExceptionResolver : Resolved [org.springframework.web.server.ResponseStatusException: 400 BAD_REQUEST "Livro não encontrado."]
2025-08-06T16:09:49.249-03:00 DEBUG 24532 --- [library-free] [o-auto-8-exec-4] o.s.web.servlet.DispatcherServlet        : Completed 400 BAD_REQUEST
2025-08-06T16:09:49.249-03:00 DEBUG 24532 --- [library-free] [o-auto-8-exec-4] o.s.security.web.FilterChainProxy        : Securing POST /error
2025-08-06T16:09:49.249-03:00 DEBUG 24532 --- [library-free] [o-auto-8-exec-4] w.c.HttpSessionSecurityContextRepository : Retrieved SecurityContextImpl [Authentication=UsernamePasswordAuthenticationToken [Principal=br.com.libraryfree.library_free.security.UserDetailsImpl@35fc172c, Credentials=[PROTECTED], Authenticated=true, Details=null, Granted Authorities=[]]]
2025-08-06T16:09:49.249-03:00 DEBUG 24532 --- [library-free] [o-auto-8-exec-4] o.s.security.web.FilterChainProxy        : Secured POST /error
2025-08-06T16:09:49.249-03:00 DEBUG 24532 --- [library-free] [o-auto-8-exec-4] o.s.web.servlet.DispatcherServlet        : "ERROR" dispatch for POST "/error", parameters={}
2025-08-06T16:09:49.250-03:00 DEBUG 24532 --- [library-free] [o-auto-8-exec-4] s.w.s.m.m.a.RequestMappingHandlerMapping : Mapped to org.springframework.boot.autoconfigure.web.servlet.error.BasicErrorController#error(HttpServletRequest)
2025-08-06T16:09:49.250-03:00 DEBUG 24532 --- [library-free] [o-auto-8-exec-4] o.s.w.s.m.m.a.HttpEntityMethodProcessor  : Using 'application/json', given [application/json, application/*+json] and supported [application/json, application/*+json]
2025-08-06T16:09:49.250-03:00 DEBUG 24532 --- [library-free] [o-auto-8-exec-4] o.s.w.s.m.m.a.HttpEntityMethodProcessor  : Writing [{timestamp=Wed Aug 06 16:09:49 GMT-03:00 2025, status=400, error=Bad Request, path=/libraryfree/empr (truncated)...]
2025-08-06T16:09:49.251-03:00 DEBUG 24532 --- [library-free] [o-auto-8-exec-4] o.s.web.servlet.DispatcherServlet        : Exiting from "ERROR" dispatch, status 400
2025-08-06T16:09:49.251-03:00 DEBUG 24532 --- [library-free] [           main] o.s.web.client.RestTemplate              : Response 400 BAD_REQUEST
2025-08-06T16:09:49.251-03:00 DEBUG 24532 --- [library-free] [           main] o.s.web.client.RestTemplate              : Reading to [br.com.libraryfree.library_free.DTO.EmprestimoResponseDTO]
]]></system-out>
  </testcase>
  <testcase name="shouldReturnUnauthorizedWhenGettingEmprestimosWithoutAuth" classname="br.com.libraryfree.library_free.integration.EmprestimoIntegrationTests" time="0.006">
    <system-out><![CDATA[2025-08-06T16:09:49.256-03:00 DEBUG 24532 --- [library-free] [           main] o.s.web.client.RestTemplate              : HTTP GET http://localhost:42953/libraryfree/emprestimos
2025-08-06T16:09:49.256-03:00 DEBUG 24532 --- [library-free] [           main] o.s.web.client.RestTemplate              : Accept=[application/json, application/*+json]
2025-08-06T16:09:49.257-03:00 DEBUG 24532 --- [library-free] [o-auto-8-exec-5] o.s.security.web.FilterChainProxy        : Securing GET /libraryfree/emprestimos
2025-08-06T16:09:49.258-03:00 DEBUG 24532 --- [library-free] [o-auto-8-exec-5] o.s.s.w.a.AnonymousAuthenticationFilter  : Set SecurityContextHolder to anonymous SecurityContext
2025-08-06T16:09:49.258-03:00 DEBUG 24532 --- [library-free] [o-auto-8-exec-5] o.s.s.w.a.Http403ForbiddenEntryPoint     : Pre-authenticated entry point called. Rejecting access
2025-08-06T16:09:49.258-03:00 DEBUG 24532 --- [library-free] [o-auto-8-exec-5] o.s.security.web.FilterChainProxy        : Securing GET /error
2025-08-06T16:09:49.258-03:00 DEBUG 24532 --- [library-free] [o-auto-8-exec-5] o.s.s.w.a.AnonymousAuthenticationFilter  : Set SecurityContextHolder to anonymous SecurityContext
2025-08-06T16:09:49.259-03:00 DEBUG 24532 --- [library-free] [o-auto-8-exec-5] o.s.s.w.a.Http403ForbiddenEntryPoint     : Pre-authenticated entry point called. Rejecting access
2025-08-06T16:09:49.259-03:00 DEBUG 24532 --- [library-free] [           main] o.s.web.client.RestTemplate              : Response 403 FORBIDDEN
]]></system-out>
  </testcase>
  <testcase name="shouldReturnBadRequestWhenAlunoDoesNotExist" classname="br.com.libraryfree.library_free.integration.EmprestimoIntegrationTests" time="0.312">
    <system-out><![CDATA[2025-08-06T16:09:49.262-03:00 DEBUG 24532 --- [library-free] [           main] o.s.web.client.RestTemplate              : HTTP POST http://localhost:42953/libraryfree/auth/login
2025-08-06T16:09:49.263-03:00 DEBUG 24532 --- [library-free] [           main] o.s.web.client.RestTemplate              : Accept=[application/json, application/*+json]
2025-08-06T16:09:49.263-03:00 DEBUG 24532 --- [library-free] [           main] o.s.web.client.RestTemplate              : Writing [LoginDTO[email=admin@libraryfree.com, senha=senha123]] with org.springframework.http.converter.json.MappingJackson2HttpMessageConverter
2025-08-06T16:09:49.264-03:00 DEBUG 24532 --- [library-free] [o-auto-8-exec-6] o.s.security.web.FilterChainProxy        : Securing POST /libraryfree/auth/login
2025-08-06T16:09:49.264-03:00 DEBUG 24532 --- [library-free] [o-auto-8-exec-6] o.s.s.w.a.AnonymousAuthenticationFilter  : Set SecurityContextHolder to anonymous SecurityContext
2025-08-06T16:09:49.264-03:00 DEBUG 24532 --- [library-free] [o-auto-8-exec-6] o.s.security.web.FilterChainProxy        : Secured POST /libraryfree/auth/login
2025-08-06T16:09:49.264-03:00 DEBUG 24532 --- [library-free] [o-auto-8-exec-6] o.s.web.servlet.DispatcherServlet        : POST "/libraryfree/auth/login", parameters={}
2025-08-06T16:09:49.264-03:00 DEBUG 24532 --- [library-free] [o-auto-8-exec-6] s.w.s.m.m.a.RequestMappingHandlerMapping : Mapped to br.com.libraryfree.library_free.controller.BibliotecarioController#login(LoginDTO, HttpServletRequest)
2025-08-06T16:09:49.265-03:00 DEBUG 24532 --- [library-free] [o-auto-8-exec-6] m.m.a.RequestResponseBodyMethodProcessor : Read "application/json;charset=UTF-8" to [LoginDTO[email=admin@libraryfree.com, senha=senha123]]
Hibernate: select b1_0.id,b1_0.email,b1_0.nome,b1_0.senha from bibliotecario b1_0 where b1_0.email=?
2025-08-06T16:09:49.563-03:00 DEBUG 24532 --- [library-free] [o-auto-8-exec-6] o.s.s.a.dao.DaoAuthenticationProvider    : Authenticated user
2025-08-06T16:09:49.564-03:00 DEBUG 24532 --- [library-free] [o-auto-8-exec-6] o.s.w.s.m.m.a.HttpEntityMethodProcessor  : Using 'application/json', given [application/json, application/*+json] and supported [application/json, application/*+json]
2025-08-06T16:09:49.564-03:00 DEBUG 24532 --- [library-free] [o-auto-8-exec-6] o.s.w.s.m.m.a.HttpEntityMethodProcessor  : Writing [BibliotecarioDTO[id=1, nome=Felipe Ferreira, email=admin@libraryfree.com]]
2025-08-06T16:09:49.565-03:00 DEBUG 24532 --- [library-free] [o-auto-8-exec-6] o.s.web.servlet.DispatcherServlet        : Completed 200 OK
2025-08-06T16:09:49.565-03:00 DEBUG 24532 --- [library-free] [           main] o.s.web.client.RestTemplate              : Response 200 OK
2025-08-06T16:09:49.565-03:00 DEBUG 24532 --- [library-free] [           main] o.s.web.client.RestTemplate              : Reading to [br.com.libraryfree.library_free.DTO.BibliotecarioDTO]
2025-08-06T16:09:49.566-03:00 DEBUG 24532 --- [library-free] [           main] o.s.web.client.RestTemplate              : HTTP POST http://localhost:42953/libraryfree/emprestimos
2025-08-06T16:09:49.566-03:00 DEBUG 24532 --- [library-free] [           main] o.s.web.client.RestTemplate              : Accept=[application/json, application/*+json]
2025-08-06T16:09:49.566-03:00 DEBUG 24532 --- [library-free] [           main] o.s.web.client.RestTemplate              : Writing [EmprestimoRequestDTO[alunoId=1000, livroId=1, prazoDevolucao=2030-10-10]] as "application/json"
2025-08-06T16:09:49.567-03:00 DEBUG 24532 --- [library-free] [o-auto-8-exec-7] o.s.security.web.FilterChainProxy        : Securing POST /libraryfree/emprestimos
2025-08-06T16:09:49.567-03:00 DEBUG 24532 --- [library-free] [o-auto-8-exec-7] w.c.HttpSessionSecurityContextRepository : Retrieved SecurityContextImpl [Authentication=UsernamePasswordAuthenticationToken [Principal=br.com.libraryfree.library_free.security.UserDetailsImpl@1811fd09, Credentials=[PROTECTED], Authenticated=true, Details=null, Granted Authorities=[]]]
2025-08-06T16:09:49.567-03:00 DEBUG 24532 --- [library-free] [o-auto-8-exec-7] o.s.security.web.FilterChainProxy        : Secured POST /libraryfree/emprestimos
2025-08-06T16:09:49.567-03:00 DEBUG 24532 --- [library-free] [o-auto-8-exec-7] o.s.web.servlet.DispatcherServlet        : POST "/libraryfree/emprestimos", parameters={}
2025-08-06T16:09:49.568-03:00 DEBUG 24532 --- [library-free] [o-auto-8-exec-7] s.w.s.m.m.a.RequestMappingHandlerMapping : Mapped to br.com.libraryfree.library_free.controller.EmprestimoController#createEmprestimo(EmprestimoRequestDTO, UriComponentsBuilder)
2025-08-06T16:09:49.568-03:00 DEBUG 24532 --- [library-free] [o-auto-8-exec-7] m.m.a.RequestResponseBodyMethodProcessor : Read "application/json;charset=UTF-8" to [EmprestimoRequestDTO[alunoId=1000, livroId=1, prazoDevolucao=2030-10-10]]
Hibernate: select a1_0.id,a1_0.ativo,a1_0.cpf,a1_0.matricula,a1_0.nome from aluno a1_0 where a1_0.id=?
2025-08-06T16:09:49.570-03:00 DEBUG 24532 --- [library-free] [o-auto-8-exec-7] .w.s.m.a.ResponseStatusExceptionResolver : Resolved [org.springframework.web.server.ResponseStatusException: 400 BAD_REQUEST "Aluno não encontrado."]
2025-08-06T16:09:49.570-03:00 DEBUG 24532 --- [library-free] [o-auto-8-exec-7] o.s.web.servlet.DispatcherServlet        : Completed 400 BAD_REQUEST
2025-08-06T16:09:49.570-03:00 DEBUG 24532 --- [library-free] [o-auto-8-exec-7] o.s.security.web.FilterChainProxy        : Securing POST /error
2025-08-06T16:09:49.570-03:00 DEBUG 24532 --- [library-free] [o-auto-8-exec-7] w.c.HttpSessionSecurityContextRepository : Retrieved SecurityContextImpl [Authentication=UsernamePasswordAuthenticationToken [Principal=br.com.libraryfree.library_free.security.UserDetailsImpl@1811fd09, Credentials=[PROTECTED], Authenticated=true, Details=null, Granted Authorities=[]]]
2025-08-06T16:09:49.570-03:00 DEBUG 24532 --- [library-free] [o-auto-8-exec-7] o.s.security.web.FilterChainProxy        : Secured POST /error
2025-08-06T16:09:49.570-03:00 DEBUG 24532 --- [library-free] [o-auto-8-exec-7] o.s.web.servlet.DispatcherServlet        : "ERROR" dispatch for POST "/error", parameters={}
2025-08-06T16:09:49.570-03:00 DEBUG 24532 --- [library-free] [o-auto-8-exec-7] s.w.s.m.m.a.RequestMappingHandlerMapping : Mapped to org.springframework.boot.autoconfigure.web.servlet.error.BasicErrorController#error(HttpServletRequest)
2025-08-06T16:09:49.571-03:00 DEBUG 24532 --- [library-free] [o-auto-8-exec-7] o.s.w.s.m.m.a.HttpEntityMethodProcessor  : Using 'application/json', given [application/json, application/*+json] and supported [application/json, application/*+json]
2025-08-06T16:09:49.571-03:00 DEBUG 24532 --- [library-free] [o-auto-8-exec-7] o.s.w.s.m.m.a.HttpEntityMethodProcessor  : Writing [{timestamp=Wed Aug 06 16:09:49 GMT-03:00 2025, status=400, error=Bad Request, path=/libraryfree/empr (truncated)...]
2025-08-06T16:09:49.571-03:00 DEBUG 24532 --- [library-free] [o-auto-8-exec-7] o.s.web.servlet.DispatcherServlet        : Exiting from "ERROR" dispatch, status 400
2025-08-06T16:09:49.572-03:00 DEBUG 24532 --- [library-free] [           main] o.s.web.client.RestTemplate              : Response 400 BAD_REQUEST
2025-08-06T16:09:49.572-03:00 DEBUG 24532 --- [library-free] [           main] o.s.web.client.RestTemplate              : Reading to [br.com.libraryfree.library_free.DTO.EmprestimoResponseDTO]
]]></system-out>
  </testcase>
</testsuite>